<?xml version="1.0" encoding="UTF-8"?>
<!-- Generated by org.testng.reporters.JUnitXMLReporter -->
<testsuite ignored="2" hostname="DESKTOP-M888G10" failures="6" tests="10" name="Chrome Testing" time="8.604" errors="0" timestamp="01 May 2022 09:08:32 GMT">
  <testcase classname="org.yokekhei.fsd.capstone.selenium.BaseTests" name="launchBrowser" time="2.419">
    <failure type="org.openqa.selenium.SessionNotCreatedException" message="session not created: This version of ChromeDriver only supports Chrome version 88
Current browser version is 100.0.4896.127 with binary path C:\Program Files (x86)\Google\Chrome\Application\chrome.exe
Build info: version: &amp;apos;3.141.59&amp;apos;, revision: &amp;apos;e82be7d358&amp;apos;, time: &amp;apos;2018-11-14T08:17:03&amp;apos;
System info: host: &amp;apos;DESKTOP-M888G10&amp;apos;, ip: &amp;apos;192.168.1.40&amp;apos;, os.name: &amp;apos;Windows 10&amp;apos;, os.arch: &amp;apos;amd64&amp;apos;, os.version: &amp;apos;10.0&amp;apos;, java.version: &amp;apos;17.0.2&amp;apos;
Driver info: driver.version: ChromeDriver
remote stacktrace: Backtrace:
	GetHandleVerifier [0x0010B963+483]
	GetHandleVerifier [0x0010B941+449]
	GetHandleVerifier [0x004B3308+3832712]
	GetHandleVerifier [0x004CD69A+3940122]
	GetHandleVerifier [0x004C9AFB+3924859]
	GetHandleVerifier [0x004C7D9C+3917340]
	GetHandleVerifier [0x004EE7FE+4075646]
	GetHandleVerifier [0x004EE56C+4074988]
	GetHandleVerifier [0x004EB2EB+4062059]
	GetHandleVerifier [0x004CED14+3945876]
	GetHandleVerifier [0x004CFBCE+3949646]
	GetHandleVerifier [0x004CFB59+3949529]
	Ordinal0 [0x000CB5CC+46540]
	Ordinal0 [0x000C9F53+40787]
	Ordinal0 [0x000C9B12+39698]
	GetHandleVerifier [0x003D1468+2907368]
	GetHandleVerifier [0x002171EE+1096302]
	GetHandleVerifier [0x001D3E8D+821005]
	GetHandleVerifier [0x001D396B+819691]
	GetHandleVerifier [0x001D3881+819457]
	GetHandleVerifier [0x001FF463+998627]
	BaseThreadInitThunk [0x76E3FA29+25]
	RtlGetAppContainerNamedObjectPath [0x771B7A7E+286]
	RtlGetAppContainerNamedObjectPath [0x771B7A4E+238]
	(No symbol) [0x00000000]
">
      <![CDATA[org.openqa.selenium.SessionNotCreatedException: session not created: This version of ChromeDriver only supports Chrome version 88
Current browser version is 100.0.4896.127 with binary path C:\Program Files (x86)\Google\Chrome\Application\chrome.exe
Build info: version: '3.141.59', revision: 'e82be7d358', time: '2018-11-14T08:17:03'
System info: host: 'DESKTOP-M888G10', ip: '192.168.1.40', os.name: 'Windows 10', os.arch: 'amd64', os.version: '10.0', java.version: '17.0.2'
Driver info: driver.version: ChromeDriver
remote stacktrace: Backtrace:
GetHandleVerifier [0x0010B963+483]
GetHandleVerifier [0x0010B941+449]
GetHandleVerifier [0x004B3308+3832712]
GetHandleVerifier [0x004CD69A+3940122]
GetHandleVerifier [0x004C9AFB+3924859]
GetHandleVerifier [0x004C7D9C+3917340]
GetHandleVerifier [0x004EE7FE+4075646]
GetHandleVerifier [0x004EE56C+4074988]
GetHandleVerifier [0x004EB2EB+4062059]
GetHandleVerifier [0x004CED14+3945876]
GetHandleVerifier [0x004CFBCE+3949646]
GetHandleVerifier [0x004CFB59+3949529]
Ordinal0 [0x000CB5CC+46540]
Ordinal0 [0x000C9F53+40787]
Ordinal0 [0x000C9B12+39698]
GetHandleVerifier [0x003D1468+2907368]
GetHandleVerifier [0x002171EE+1096302]
GetHandleVerifier [0x001D3E8D+821005]
GetHandleVerifier [0x001D396B+819691]
GetHandleVerifier [0x001D3881+819457]
GetHandleVerifier [0x001FF463+998627]
BaseThreadInitThunk [0x76E3FA29+25]
RtlGetAppContainerNamedObjectPath [0x771B7A7E+286]
RtlGetAppContainerNamedObjectPath [0x771B7A4E+238]
(No symbol) [0x00000000]

at org.openqa.selenium.remote.W3CHandshakeResponse.lambda$errorHandler$0(W3CHandshakeResponse.java:62)
at org.openqa.selenium.remote.HandshakeResponse.lambda$getResponseFunction$0(HandshakeResponse.java:30)
at org.openqa.selenium.remote.ProtocolHandshake.lambda$createSession$0(ProtocolHandshake.java:126)
at java.base/java.util.stream.ReferencePipeline$3$1.accept(ReferencePipeline.java:197)
at java.base/java.util.Spliterators$ArraySpliterator.tryAdvance(Spliterators.java:1002)
at java.base/java.util.stream.ReferencePipeline.forEachWithCancel(ReferencePipeline.java:129)
at java.base/java.util.stream.AbstractPipeline.copyIntoWithCancel(AbstractPipeline.java:527)
at java.base/java.util.stream.AbstractPipeline.copyInto(AbstractPipeline.java:513)
at java.base/java.util.stream.AbstractPipeline.wrapAndCopyInto(AbstractPipeline.java:499)
at java.base/java.util.stream.FindOps$FindOp.evaluateSequential(FindOps.java:150)
at java.base/java.util.stream.AbstractPipeline.evaluate(AbstractPipeline.java:234)
at java.base/java.util.stream.ReferencePipeline.findFirst(ReferencePipeline.java:647)
at org.openqa.selenium.remote.ProtocolHandshake.createSession(ProtocolHandshake.java:128)
at org.openqa.selenium.remote.ProtocolHandshake.createSession(ProtocolHandshake.java:74)
at org.openqa.selenium.remote.HttpCommandExecutor.execute(HttpCommandExecutor.java:136)
at org.openqa.selenium.remote.service.DriverCommandExecutor.execute(DriverCommandExecutor.java:83)
at org.openqa.selenium.remote.RemoteWebDriver.execute(RemoteWebDriver.java:552)
at org.openqa.selenium.remote.RemoteWebDriver.startSession(RemoteWebDriver.java:213)
at org.openqa.selenium.remote.RemoteWebDriver.<init>(RemoteWebDriver.java:131)
at org.openqa.selenium.chrome.ChromeDriver.<init>(ChromeDriver.java:181)
at org.openqa.selenium.chrome.ChromeDriver.<init>(ChromeDriver.java:168)
at org.openqa.selenium.chrome.ChromeDriver.<init>(ChromeDriver.java:157)
at org.yokekhei.fsd.capstone.selenium.BaseTests.launchBrowser(BaseTests.java:45)
at java.base/java.util.concurrent.FutureTask.run(FutureTask.java:264)
at java.base/java.util.concurrent.ThreadPoolExecutor.runWorker(ThreadPoolExecutor.java:1136)
at java.base/java.util.concurrent.ThreadPoolExecutor$Worker.run(ThreadPoolExecutor.java:635)
at java.base/java.lang.Thread.run(Thread.java:833)
... Removed 21 stack frames]]>
    </failure>
  </testcase> <!-- launchBrowser -->
  <testcase classname="org.yokekhei.fsd.capstone.selenium.BaseTests" name="launchBrowser" time="1.132">
    <failure type="org.openqa.selenium.SessionNotCreatedException" message="session not created: This version of ChromeDriver only supports Chrome version 88
Current browser version is 100.0.4896.127 with binary path C:\Program Files (x86)\Google\Chrome\Application\chrome.exe
Build info: version: &amp;apos;3.141.59&amp;apos;, revision: &amp;apos;e82be7d358&amp;apos;, time: &amp;apos;2018-11-14T08:17:03&amp;apos;
System info: host: &amp;apos;DESKTOP-M888G10&amp;apos;, ip: &amp;apos;192.168.1.40&amp;apos;, os.name: &amp;apos;Windows 10&amp;apos;, os.arch: &amp;apos;amd64&amp;apos;, os.version: &amp;apos;10.0&amp;apos;, java.version: &amp;apos;17.0.2&amp;apos;
Driver info: driver.version: ChromeDriver
remote stacktrace: Backtrace:
	GetHandleVerifier [0x0010B963+483]
	GetHandleVerifier [0x0010B941+449]
	GetHandleVerifier [0x004B3308+3832712]
	GetHandleVerifier [0x004CD69A+3940122]
	GetHandleVerifier [0x004C9AFB+3924859]
	GetHandleVerifier [0x004C7D9C+3917340]
	GetHandleVerifier [0x004EE7FE+4075646]
	GetHandleVerifier [0x004EE56C+4074988]
	GetHandleVerifier [0x004EB2EB+4062059]
	GetHandleVerifier [0x004CED14+3945876]
	GetHandleVerifier [0x004CFBCE+3949646]
	GetHandleVerifier [0x004CFB59+3949529]
	Ordinal0 [0x000CB5CC+46540]
	Ordinal0 [0x000C9F53+40787]
	Ordinal0 [0x000C9B12+39698]
	GetHandleVerifier [0x003D1468+2907368]
	GetHandleVerifier [0x002171EE+1096302]
	GetHandleVerifier [0x001D3E8D+821005]
	GetHandleVerifier [0x001D396B+819691]
	GetHandleVerifier [0x001D3881+819457]
	GetHandleVerifier [0x001FF463+998627]
	BaseThreadInitThunk [0x76E3FA29+25]
	RtlGetAppContainerNamedObjectPath [0x771B7A7E+286]
	RtlGetAppContainerNamedObjectPath [0x771B7A4E+238]
	(No symbol) [0x00000000]
">
      <![CDATA[org.openqa.selenium.SessionNotCreatedException: session not created: This version of ChromeDriver only supports Chrome version 88
Current browser version is 100.0.4896.127 with binary path C:\Program Files (x86)\Google\Chrome\Application\chrome.exe
Build info: version: '3.141.59', revision: 'e82be7d358', time: '2018-11-14T08:17:03'
System info: host: 'DESKTOP-M888G10', ip: '192.168.1.40', os.name: 'Windows 10', os.arch: 'amd64', os.version: '10.0', java.version: '17.0.2'
Driver info: driver.version: ChromeDriver
remote stacktrace: Backtrace:
GetHandleVerifier [0x0010B963+483]
GetHandleVerifier [0x0010B941+449]
GetHandleVerifier [0x004B3308+3832712]
GetHandleVerifier [0x004CD69A+3940122]
GetHandleVerifier [0x004C9AFB+3924859]
GetHandleVerifier [0x004C7D9C+3917340]
GetHandleVerifier [0x004EE7FE+4075646]
GetHandleVerifier [0x004EE56C+4074988]
GetHandleVerifier [0x004EB2EB+4062059]
GetHandleVerifier [0x004CED14+3945876]
GetHandleVerifier [0x004CFBCE+3949646]
GetHandleVerifier [0x004CFB59+3949529]
Ordinal0 [0x000CB5CC+46540]
Ordinal0 [0x000C9F53+40787]
Ordinal0 [0x000C9B12+39698]
GetHandleVerifier [0x003D1468+2907368]
GetHandleVerifier [0x002171EE+1096302]
GetHandleVerifier [0x001D3E8D+821005]
GetHandleVerifier [0x001D396B+819691]
GetHandleVerifier [0x001D3881+819457]
GetHandleVerifier [0x001FF463+998627]
BaseThreadInitThunk [0x76E3FA29+25]
RtlGetAppContainerNamedObjectPath [0x771B7A7E+286]
RtlGetAppContainerNamedObjectPath [0x771B7A4E+238]
(No symbol) [0x00000000]

at org.openqa.selenium.remote.W3CHandshakeResponse.lambda$errorHandler$0(W3CHandshakeResponse.java:62)
at org.openqa.selenium.remote.HandshakeResponse.lambda$getResponseFunction$0(HandshakeResponse.java:30)
at org.openqa.selenium.remote.ProtocolHandshake.lambda$createSession$0(ProtocolHandshake.java:126)
at java.base/java.util.stream.ReferencePipeline$3$1.accept(ReferencePipeline.java:197)
at java.base/java.util.Spliterators$ArraySpliterator.tryAdvance(Spliterators.java:1002)
at java.base/java.util.stream.ReferencePipeline.forEachWithCancel(ReferencePipeline.java:129)
at java.base/java.util.stream.AbstractPipeline.copyIntoWithCancel(AbstractPipeline.java:527)
at java.base/java.util.stream.AbstractPipeline.copyInto(AbstractPipeline.java:513)
at java.base/java.util.stream.AbstractPipeline.wrapAndCopyInto(AbstractPipeline.java:499)
at java.base/java.util.stream.FindOps$FindOp.evaluateSequential(FindOps.java:150)
at java.base/java.util.stream.AbstractPipeline.evaluate(AbstractPipeline.java:234)
at java.base/java.util.stream.ReferencePipeline.findFirst(ReferencePipeline.java:647)
at org.openqa.selenium.remote.ProtocolHandshake.createSession(ProtocolHandshake.java:128)
at org.openqa.selenium.remote.ProtocolHandshake.createSession(ProtocolHandshake.java:74)
at org.openqa.selenium.remote.HttpCommandExecutor.execute(HttpCommandExecutor.java:136)
at org.openqa.selenium.remote.service.DriverCommandExecutor.execute(DriverCommandExecutor.java:83)
at org.openqa.selenium.remote.RemoteWebDriver.execute(RemoteWebDriver.java:552)
at org.openqa.selenium.remote.RemoteWebDriver.startSession(RemoteWebDriver.java:213)
at org.openqa.selenium.remote.RemoteWebDriver.<init>(RemoteWebDriver.java:131)
at org.openqa.selenium.chrome.ChromeDriver.<init>(ChromeDriver.java:181)
at org.openqa.selenium.chrome.ChromeDriver.<init>(ChromeDriver.java:168)
at org.openqa.selenium.chrome.ChromeDriver.<init>(ChromeDriver.java:157)
at org.yokekhei.fsd.capstone.selenium.BaseTests.launchBrowser(BaseTests.java:45)
at java.base/java.util.concurrent.FutureTask.run(FutureTask.java:264)
at java.base/java.util.concurrent.ThreadPoolExecutor.runWorker(ThreadPoolExecutor.java:1136)
at java.base/java.util.concurrent.ThreadPoolExecutor$Worker.run(ThreadPoolExecutor.java:635)
at java.base/java.lang.Thread.run(Thread.java:833)
... Removed 21 stack frames]]>
    </failure>
  </testcase> <!-- launchBrowser -->
  <testcase classname="org.yokekhei.fsd.capstone.selenium.BaseTests" name="launchBrowser" time="1.492">
    <failure type="org.openqa.selenium.SessionNotCreatedException" message="session not created: This version of ChromeDriver only supports Chrome version 88
Current browser version is 100.0.4896.127 with binary path C:\Program Files (x86)\Google\Chrome\Application\chrome.exe
Build info: version: &amp;apos;3.141.59&amp;apos;, revision: &amp;apos;e82be7d358&amp;apos;, time: &amp;apos;2018-11-14T08:17:03&amp;apos;
System info: host: &amp;apos;DESKTOP-M888G10&amp;apos;, ip: &amp;apos;192.168.1.40&amp;apos;, os.name: &amp;apos;Windows 10&amp;apos;, os.arch: &amp;apos;amd64&amp;apos;, os.version: &amp;apos;10.0&amp;apos;, java.version: &amp;apos;17.0.2&amp;apos;
Driver info: driver.version: ChromeDriver
remote stacktrace: Backtrace:
	GetHandleVerifier [0x0010B963+483]
	GetHandleVerifier [0x0010B941+449]
	GetHandleVerifier [0x004B3308+3832712]
	GetHandleVerifier [0x004CD69A+3940122]
	GetHandleVerifier [0x004C9AFB+3924859]
	GetHandleVerifier [0x004C7D9C+3917340]
	GetHandleVerifier [0x004EE7FE+4075646]
	GetHandleVerifier [0x004EE56C+4074988]
	GetHandleVerifier [0x004EB2EB+4062059]
	GetHandleVerifier [0x004CED14+3945876]
	GetHandleVerifier [0x004CFBCE+3949646]
	GetHandleVerifier [0x004CFB59+3949529]
	Ordinal0 [0x000CB5CC+46540]
	Ordinal0 [0x000C9F53+40787]
	Ordinal0 [0x000C9B12+39698]
	GetHandleVerifier [0x003D1468+2907368]
	GetHandleVerifier [0x002171EE+1096302]
	GetHandleVerifier [0x001D3E8D+821005]
	GetHandleVerifier [0x001D396B+819691]
	GetHandleVerifier [0x001D3881+819457]
	GetHandleVerifier [0x001FF463+998627]
	BaseThreadInitThunk [0x76E3FA29+25]
	RtlGetAppContainerNamedObjectPath [0x771B7A7E+286]
	RtlGetAppContainerNamedObjectPath [0x771B7A4E+238]
	(No symbol) [0x00000000]
">
      <![CDATA[org.openqa.selenium.SessionNotCreatedException: session not created: This version of ChromeDriver only supports Chrome version 88
Current browser version is 100.0.4896.127 with binary path C:\Program Files (x86)\Google\Chrome\Application\chrome.exe
Build info: version: '3.141.59', revision: 'e82be7d358', time: '2018-11-14T08:17:03'
System info: host: 'DESKTOP-M888G10', ip: '192.168.1.40', os.name: 'Windows 10', os.arch: 'amd64', os.version: '10.0', java.version: '17.0.2'
Driver info: driver.version: ChromeDriver
remote stacktrace: Backtrace:
GetHandleVerifier [0x0010B963+483]
GetHandleVerifier [0x0010B941+449]
GetHandleVerifier [0x004B3308+3832712]
GetHandleVerifier [0x004CD69A+3940122]
GetHandleVerifier [0x004C9AFB+3924859]
GetHandleVerifier [0x004C7D9C+3917340]
GetHandleVerifier [0x004EE7FE+4075646]
GetHandleVerifier [0x004EE56C+4074988]
GetHandleVerifier [0x004EB2EB+4062059]
GetHandleVerifier [0x004CED14+3945876]
GetHandleVerifier [0x004CFBCE+3949646]
GetHandleVerifier [0x004CFB59+3949529]
Ordinal0 [0x000CB5CC+46540]
Ordinal0 [0x000C9F53+40787]
Ordinal0 [0x000C9B12+39698]
GetHandleVerifier [0x003D1468+2907368]
GetHandleVerifier [0x002171EE+1096302]
GetHandleVerifier [0x001D3E8D+821005]
GetHandleVerifier [0x001D396B+819691]
GetHandleVerifier [0x001D3881+819457]
GetHandleVerifier [0x001FF463+998627]
BaseThreadInitThunk [0x76E3FA29+25]
RtlGetAppContainerNamedObjectPath [0x771B7A7E+286]
RtlGetAppContainerNamedObjectPath [0x771B7A4E+238]
(No symbol) [0x00000000]

at org.openqa.selenium.remote.W3CHandshakeResponse.lambda$errorHandler$0(W3CHandshakeResponse.java:62)
at org.openqa.selenium.remote.HandshakeResponse.lambda$getResponseFunction$0(HandshakeResponse.java:30)
at org.openqa.selenium.remote.ProtocolHandshake.lambda$createSession$0(ProtocolHandshake.java:126)
at java.base/java.util.stream.ReferencePipeline$3$1.accept(ReferencePipeline.java:197)
at java.base/java.util.Spliterators$ArraySpliterator.tryAdvance(Spliterators.java:1002)
at java.base/java.util.stream.ReferencePipeline.forEachWithCancel(ReferencePipeline.java:129)
at java.base/java.util.stream.AbstractPipeline.copyIntoWithCancel(AbstractPipeline.java:527)
at java.base/java.util.stream.AbstractPipeline.copyInto(AbstractPipeline.java:513)
at java.base/java.util.stream.AbstractPipeline.wrapAndCopyInto(AbstractPipeline.java:499)
at java.base/java.util.stream.FindOps$FindOp.evaluateSequential(FindOps.java:150)
at java.base/java.util.stream.AbstractPipeline.evaluate(AbstractPipeline.java:234)
at java.base/java.util.stream.ReferencePipeline.findFirst(ReferencePipeline.java:647)
at org.openqa.selenium.remote.ProtocolHandshake.createSession(ProtocolHandshake.java:128)
at org.openqa.selenium.remote.ProtocolHandshake.createSession(ProtocolHandshake.java:74)
at org.openqa.selenium.remote.HttpCommandExecutor.execute(HttpCommandExecutor.java:136)
at org.openqa.selenium.remote.service.DriverCommandExecutor.execute(DriverCommandExecutor.java:83)
at org.openqa.selenium.remote.RemoteWebDriver.execute(RemoteWebDriver.java:552)
at org.openqa.selenium.remote.RemoteWebDriver.startSession(RemoteWebDriver.java:213)
at org.openqa.selenium.remote.RemoteWebDriver.<init>(RemoteWebDriver.java:131)
at org.openqa.selenium.chrome.ChromeDriver.<init>(ChromeDriver.java:181)
at org.openqa.selenium.chrome.ChromeDriver.<init>(ChromeDriver.java:168)
at org.openqa.selenium.chrome.ChromeDriver.<init>(ChromeDriver.java:157)
at org.yokekhei.fsd.capstone.selenium.BaseTests.launchBrowser(BaseTests.java:45)
at java.base/java.util.concurrent.FutureTask.run(FutureTask.java:264)
at java.base/java.util.concurrent.ThreadPoolExecutor.runWorker(ThreadPoolExecutor.java:1136)
at java.base/java.util.concurrent.ThreadPoolExecutor$Worker.run(ThreadPoolExecutor.java:635)
at java.base/java.lang.Thread.run(Thread.java:833)
... Removed 21 stack frames]]>
    </failure>
  </testcase> <!-- launchBrowser -->
  <testcase classname="org.yokekhei.fsd.capstone.selenium.BaseTests" name="launchBrowser" time="1.374">
    <failure type="org.openqa.selenium.SessionNotCreatedException" message="session not created: This version of ChromeDriver only supports Chrome version 88
Current browser version is 100.0.4896.127 with binary path C:\Program Files (x86)\Google\Chrome\Application\chrome.exe
Build info: version: &amp;apos;3.141.59&amp;apos;, revision: &amp;apos;e82be7d358&amp;apos;, time: &amp;apos;2018-11-14T08:17:03&amp;apos;
System info: host: &amp;apos;DESKTOP-M888G10&amp;apos;, ip: &amp;apos;192.168.1.40&amp;apos;, os.name: &amp;apos;Windows 10&amp;apos;, os.arch: &amp;apos;amd64&amp;apos;, os.version: &amp;apos;10.0&amp;apos;, java.version: &amp;apos;17.0.2&amp;apos;
Driver info: driver.version: ChromeDriver
remote stacktrace: Backtrace:
	GetHandleVerifier [0x0010B963+483]
	GetHandleVerifier [0x0010B941+449]
	GetHandleVerifier [0x004B3308+3832712]
	GetHandleVerifier [0x004CD69A+3940122]
	GetHandleVerifier [0x004C9AFB+3924859]
	GetHandleVerifier [0x004C7D9C+3917340]
	GetHandleVerifier [0x004EE7FE+4075646]
	GetHandleVerifier [0x004EE56C+4074988]
	GetHandleVerifier [0x004EB2EB+4062059]
	GetHandleVerifier [0x004CED14+3945876]
	GetHandleVerifier [0x004CFBCE+3949646]
	GetHandleVerifier [0x004CFB59+3949529]
	Ordinal0 [0x000CB5CC+46540]
	Ordinal0 [0x000C9F53+40787]
	Ordinal0 [0x000C9B12+39698]
	GetHandleVerifier [0x003D1468+2907368]
	GetHandleVerifier [0x002171EE+1096302]
	GetHandleVerifier [0x001D3E8D+821005]
	GetHandleVerifier [0x001D396B+819691]
	GetHandleVerifier [0x001D3881+819457]
	GetHandleVerifier [0x001FF463+998627]
	BaseThreadInitThunk [0x76E3FA29+25]
	RtlGetAppContainerNamedObjectPath [0x771B7A7E+286]
	RtlGetAppContainerNamedObjectPath [0x771B7A4E+238]
	(No symbol) [0x00000000]
">
      <![CDATA[org.openqa.selenium.SessionNotCreatedException: session not created: This version of ChromeDriver only supports Chrome version 88
Current browser version is 100.0.4896.127 with binary path C:\Program Files (x86)\Google\Chrome\Application\chrome.exe
Build info: version: '3.141.59', revision: 'e82be7d358', time: '2018-11-14T08:17:03'
System info: host: 'DESKTOP-M888G10', ip: '192.168.1.40', os.name: 'Windows 10', os.arch: 'amd64', os.version: '10.0', java.version: '17.0.2'
Driver info: driver.version: ChromeDriver
remote stacktrace: Backtrace:
GetHandleVerifier [0x0010B963+483]
GetHandleVerifier [0x0010B941+449]
GetHandleVerifier [0x004B3308+3832712]
GetHandleVerifier [0x004CD69A+3940122]
GetHandleVerifier [0x004C9AFB+3924859]
GetHandleVerifier [0x004C7D9C+3917340]
GetHandleVerifier [0x004EE7FE+4075646]
GetHandleVerifier [0x004EE56C+4074988]
GetHandleVerifier [0x004EB2EB+4062059]
GetHandleVerifier [0x004CED14+3945876]
GetHandleVerifier [0x004CFBCE+3949646]
GetHandleVerifier [0x004CFB59+3949529]
Ordinal0 [0x000CB5CC+46540]
Ordinal0 [0x000C9F53+40787]
Ordinal0 [0x000C9B12+39698]
GetHandleVerifier [0x003D1468+2907368]
GetHandleVerifier [0x002171EE+1096302]
GetHandleVerifier [0x001D3E8D+821005]
GetHandleVerifier [0x001D396B+819691]
GetHandleVerifier [0x001D3881+819457]
GetHandleVerifier [0x001FF463+998627]
BaseThreadInitThunk [0x76E3FA29+25]
RtlGetAppContainerNamedObjectPath [0x771B7A7E+286]
RtlGetAppContainerNamedObjectPath [0x771B7A4E+238]
(No symbol) [0x00000000]

at org.openqa.selenium.remote.W3CHandshakeResponse.lambda$errorHandler$0(W3CHandshakeResponse.java:62)
at org.openqa.selenium.remote.HandshakeResponse.lambda$getResponseFunction$0(HandshakeResponse.java:30)
at org.openqa.selenium.remote.ProtocolHandshake.lambda$createSession$0(ProtocolHandshake.java:126)
at java.base/java.util.stream.ReferencePipeline$3$1.accept(ReferencePipeline.java:197)
at java.base/java.util.Spliterators$ArraySpliterator.tryAdvance(Spliterators.java:1002)
at java.base/java.util.stream.ReferencePipeline.forEachWithCancel(ReferencePipeline.java:129)
at java.base/java.util.stream.AbstractPipeline.copyIntoWithCancel(AbstractPipeline.java:527)
at java.base/java.util.stream.AbstractPipeline.copyInto(AbstractPipeline.java:513)
at java.base/java.util.stream.AbstractPipeline.wrapAndCopyInto(AbstractPipeline.java:499)
at java.base/java.util.stream.FindOps$FindOp.evaluateSequential(FindOps.java:150)
at java.base/java.util.stream.AbstractPipeline.evaluate(AbstractPipeline.java:234)
at java.base/java.util.stream.ReferencePipeline.findFirst(ReferencePipeline.java:647)
at org.openqa.selenium.remote.ProtocolHandshake.createSession(ProtocolHandshake.java:128)
at org.openqa.selenium.remote.ProtocolHandshake.createSession(ProtocolHandshake.java:74)
at org.openqa.selenium.remote.HttpCommandExecutor.execute(HttpCommandExecutor.java:136)
at org.openqa.selenium.remote.service.DriverCommandExecutor.execute(DriverCommandExecutor.java:83)
at org.openqa.selenium.remote.RemoteWebDriver.execute(RemoteWebDriver.java:552)
at org.openqa.selenium.remote.RemoteWebDriver.startSession(RemoteWebDriver.java:213)
at org.openqa.selenium.remote.RemoteWebDriver.<init>(RemoteWebDriver.java:131)
at org.openqa.selenium.chrome.ChromeDriver.<init>(ChromeDriver.java:181)
at org.openqa.selenium.chrome.ChromeDriver.<init>(ChromeDriver.java:168)
at org.openqa.selenium.chrome.ChromeDriver.<init>(ChromeDriver.java:157)
at org.yokekhei.fsd.capstone.selenium.BaseTests.launchBrowser(BaseTests.java:45)
at java.base/java.util.concurrent.FutureTask.run(FutureTask.java:264)
at java.base/java.util.concurrent.ThreadPoolExecutor.runWorker(ThreadPoolExecutor.java:1136)
at java.base/java.util.concurrent.ThreadPoolExecutor$Worker.run(ThreadPoolExecutor.java:635)
at java.base/java.lang.Thread.run(Thread.java:833)
... Removed 21 stack frames]]>
    </failure>
  </testcase> <!-- launchBrowser -->
  <testcase classname="org.yokekhei.fsd.capstone.selenium.BaseTests" name="launchBrowser" time="0.992">
    <failure type="org.openqa.selenium.SessionNotCreatedException" message="session not created: This version of ChromeDriver only supports Chrome version 88
Current browser version is 100.0.4896.127 with binary path C:\Program Files (x86)\Google\Chrome\Application\chrome.exe
Build info: version: &amp;apos;3.141.59&amp;apos;, revision: &amp;apos;e82be7d358&amp;apos;, time: &amp;apos;2018-11-14T08:17:03&amp;apos;
System info: host: &amp;apos;DESKTOP-M888G10&amp;apos;, ip: &amp;apos;192.168.1.40&amp;apos;, os.name: &amp;apos;Windows 10&amp;apos;, os.arch: &amp;apos;amd64&amp;apos;, os.version: &amp;apos;10.0&amp;apos;, java.version: &amp;apos;17.0.2&amp;apos;
Driver info: driver.version: ChromeDriver
remote stacktrace: Backtrace:
	GetHandleVerifier [0x0010B963+483]
	GetHandleVerifier [0x0010B941+449]
	GetHandleVerifier [0x004B3308+3832712]
	GetHandleVerifier [0x004CD69A+3940122]
	GetHandleVerifier [0x004C9AFB+3924859]
	GetHandleVerifier [0x004C7D9C+3917340]
	GetHandleVerifier [0x004EE7FE+4075646]
	GetHandleVerifier [0x004EE56C+4074988]
	GetHandleVerifier [0x004EB2EB+4062059]
	GetHandleVerifier [0x004CED14+3945876]
	GetHandleVerifier [0x004CFBCE+3949646]
	GetHandleVerifier [0x004CFB59+3949529]
	Ordinal0 [0x000CB5CC+46540]
	Ordinal0 [0x000C9F53+40787]
	Ordinal0 [0x000C9B12+39698]
	GetHandleVerifier [0x003D1468+2907368]
	GetHandleVerifier [0x002171EE+1096302]
	GetHandleVerifier [0x001D3E8D+821005]
	GetHandleVerifier [0x001D396B+819691]
	GetHandleVerifier [0x001D3881+819457]
	GetHandleVerifier [0x001FF463+998627]
	BaseThreadInitThunk [0x76E3FA29+25]
	RtlGetAppContainerNamedObjectPath [0x771B7A7E+286]
	RtlGetAppContainerNamedObjectPath [0x771B7A4E+238]
	(No symbol) [0x00000000]
">
      <![CDATA[org.openqa.selenium.SessionNotCreatedException: session not created: This version of ChromeDriver only supports Chrome version 88
Current browser version is 100.0.4896.127 with binary path C:\Program Files (x86)\Google\Chrome\Application\chrome.exe
Build info: version: '3.141.59', revision: 'e82be7d358', time: '2018-11-14T08:17:03'
System info: host: 'DESKTOP-M888G10', ip: '192.168.1.40', os.name: 'Windows 10', os.arch: 'amd64', os.version: '10.0', java.version: '17.0.2'
Driver info: driver.version: ChromeDriver
remote stacktrace: Backtrace:
GetHandleVerifier [0x0010B963+483]
GetHandleVerifier [0x0010B941+449]
GetHandleVerifier [0x004B3308+3832712]
GetHandleVerifier [0x004CD69A+3940122]
GetHandleVerifier [0x004C9AFB+3924859]
GetHandleVerifier [0x004C7D9C+3917340]
GetHandleVerifier [0x004EE7FE+4075646]
GetHandleVerifier [0x004EE56C+4074988]
GetHandleVerifier [0x004EB2EB+4062059]
GetHandleVerifier [0x004CED14+3945876]
GetHandleVerifier [0x004CFBCE+3949646]
GetHandleVerifier [0x004CFB59+3949529]
Ordinal0 [0x000CB5CC+46540]
Ordinal0 [0x000C9F53+40787]
Ordinal0 [0x000C9B12+39698]
GetHandleVerifier [0x003D1468+2907368]
GetHandleVerifier [0x002171EE+1096302]
GetHandleVerifier [0x001D3E8D+821005]
GetHandleVerifier [0x001D396B+819691]
GetHandleVerifier [0x001D3881+819457]
GetHandleVerifier [0x001FF463+998627]
BaseThreadInitThunk [0x76E3FA29+25]
RtlGetAppContainerNamedObjectPath [0x771B7A7E+286]
RtlGetAppContainerNamedObjectPath [0x771B7A4E+238]
(No symbol) [0x00000000]

at org.openqa.selenium.remote.W3CHandshakeResponse.lambda$errorHandler$0(W3CHandshakeResponse.java:62)
at org.openqa.selenium.remote.HandshakeResponse.lambda$getResponseFunction$0(HandshakeResponse.java:30)
at org.openqa.selenium.remote.ProtocolHandshake.lambda$createSession$0(ProtocolHandshake.java:126)
at java.base/java.util.stream.ReferencePipeline$3$1.accept(ReferencePipeline.java:197)
at java.base/java.util.Spliterators$ArraySpliterator.tryAdvance(Spliterators.java:1002)
at java.base/java.util.stream.ReferencePipeline.forEachWithCancel(ReferencePipeline.java:129)
at java.base/java.util.stream.AbstractPipeline.copyIntoWithCancel(AbstractPipeline.java:527)
at java.base/java.util.stream.AbstractPipeline.copyInto(AbstractPipeline.java:513)
at java.base/java.util.stream.AbstractPipeline.wrapAndCopyInto(AbstractPipeline.java:499)
at java.base/java.util.stream.FindOps$FindOp.evaluateSequential(FindOps.java:150)
at java.base/java.util.stream.AbstractPipeline.evaluate(AbstractPipeline.java:234)
at java.base/java.util.stream.ReferencePipeline.findFirst(ReferencePipeline.java:647)
at org.openqa.selenium.remote.ProtocolHandshake.createSession(ProtocolHandshake.java:128)
at org.openqa.selenium.remote.ProtocolHandshake.createSession(ProtocolHandshake.java:74)
at org.openqa.selenium.remote.HttpCommandExecutor.execute(HttpCommandExecutor.java:136)
at org.openqa.selenium.remote.service.DriverCommandExecutor.execute(DriverCommandExecutor.java:83)
at org.openqa.selenium.remote.RemoteWebDriver.execute(RemoteWebDriver.java:552)
at org.openqa.selenium.remote.RemoteWebDriver.startSession(RemoteWebDriver.java:213)
at org.openqa.selenium.remote.RemoteWebDriver.<init>(RemoteWebDriver.java:131)
at org.openqa.selenium.chrome.ChromeDriver.<init>(ChromeDriver.java:181)
at org.openqa.selenium.chrome.ChromeDriver.<init>(ChromeDriver.java:168)
at org.openqa.selenium.chrome.ChromeDriver.<init>(ChromeDriver.java:157)
at org.yokekhei.fsd.capstone.selenium.BaseTests.launchBrowser(BaseTests.java:45)
at java.base/java.util.concurrent.FutureTask.run(FutureTask.java:264)
at java.base/java.util.concurrent.ThreadPoolExecutor.runWorker(ThreadPoolExecutor.java:1136)
at java.base/java.util.concurrent.ThreadPoolExecutor$Worker.run(ThreadPoolExecutor.java:635)
at java.base/java.lang.Thread.run(Thread.java:833)
... Removed 21 stack frames]]>
    </failure>
  </testcase> <!-- launchBrowser -->
  <testcase classname="org.yokekhei.fsd.capstone.selenium.BaseTests" name="launchBrowser" time="1.091">
    <failure type="org.openqa.selenium.SessionNotCreatedException" message="session not created: This version of ChromeDriver only supports Chrome version 88
Current browser version is 100.0.4896.127 with binary path C:\Program Files (x86)\Google\Chrome\Application\chrome.exe
Build info: version: &amp;apos;3.141.59&amp;apos;, revision: &amp;apos;e82be7d358&amp;apos;, time: &amp;apos;2018-11-14T08:17:03&amp;apos;
System info: host: &amp;apos;DESKTOP-M888G10&amp;apos;, ip: &amp;apos;192.168.1.40&amp;apos;, os.name: &amp;apos;Windows 10&amp;apos;, os.arch: &amp;apos;amd64&amp;apos;, os.version: &amp;apos;10.0&amp;apos;, java.version: &amp;apos;17.0.2&amp;apos;
Driver info: driver.version: ChromeDriver
remote stacktrace: Backtrace:
	GetHandleVerifier [0x0010B963+483]
	GetHandleVerifier [0x0010B941+449]
	GetHandleVerifier [0x004B3308+3832712]
	GetHandleVerifier [0x004CD69A+3940122]
	GetHandleVerifier [0x004C9AFB+3924859]
	GetHandleVerifier [0x004C7D9C+3917340]
	GetHandleVerifier [0x004EE7FE+4075646]
	GetHandleVerifier [0x004EE56C+4074988]
	GetHandleVerifier [0x004EB2EB+4062059]
	GetHandleVerifier [0x004CED14+3945876]
	GetHandleVerifier [0x004CFBCE+3949646]
	GetHandleVerifier [0x004CFB59+3949529]
	Ordinal0 [0x000CB5CC+46540]
	Ordinal0 [0x000C9F53+40787]
	Ordinal0 [0x000C9B12+39698]
	GetHandleVerifier [0x003D1468+2907368]
	GetHandleVerifier [0x002171EE+1096302]
	GetHandleVerifier [0x001D3E8D+821005]
	GetHandleVerifier [0x001D396B+819691]
	GetHandleVerifier [0x001D3881+819457]
	GetHandleVerifier [0x001FF463+998627]
	BaseThreadInitThunk [0x76E3FA29+25]
	RtlGetAppContainerNamedObjectPath [0x771B7A7E+286]
	RtlGetAppContainerNamedObjectPath [0x771B7A4E+238]
	(No symbol) [0x00000000]
">
      <![CDATA[org.openqa.selenium.SessionNotCreatedException: session not created: This version of ChromeDriver only supports Chrome version 88
Current browser version is 100.0.4896.127 with binary path C:\Program Files (x86)\Google\Chrome\Application\chrome.exe
Build info: version: '3.141.59', revision: 'e82be7d358', time: '2018-11-14T08:17:03'
System info: host: 'DESKTOP-M888G10', ip: '192.168.1.40', os.name: 'Windows 10', os.arch: 'amd64', os.version: '10.0', java.version: '17.0.2'
Driver info: driver.version: ChromeDriver
remote stacktrace: Backtrace:
GetHandleVerifier [0x0010B963+483]
GetHandleVerifier [0x0010B941+449]
GetHandleVerifier [0x004B3308+3832712]
GetHandleVerifier [0x004CD69A+3940122]
GetHandleVerifier [0x004C9AFB+3924859]
GetHandleVerifier [0x004C7D9C+3917340]
GetHandleVerifier [0x004EE7FE+4075646]
GetHandleVerifier [0x004EE56C+4074988]
GetHandleVerifier [0x004EB2EB+4062059]
GetHandleVerifier [0x004CED14+3945876]
GetHandleVerifier [0x004CFBCE+3949646]
GetHandleVerifier [0x004CFB59+3949529]
Ordinal0 [0x000CB5CC+46540]
Ordinal0 [0x000C9F53+40787]
Ordinal0 [0x000C9B12+39698]
GetHandleVerifier [0x003D1468+2907368]
GetHandleVerifier [0x002171EE+1096302]
GetHandleVerifier [0x001D3E8D+821005]
GetHandleVerifier [0x001D396B+819691]
GetHandleVerifier [0x001D3881+819457]
GetHandleVerifier [0x001FF463+998627]
BaseThreadInitThunk [0x76E3FA29+25]
RtlGetAppContainerNamedObjectPath [0x771B7A7E+286]
RtlGetAppContainerNamedObjectPath [0x771B7A4E+238]
(No symbol) [0x00000000]

at org.openqa.selenium.remote.W3CHandshakeResponse.lambda$errorHandler$0(W3CHandshakeResponse.java:62)
at org.openqa.selenium.remote.HandshakeResponse.lambda$getResponseFunction$0(HandshakeResponse.java:30)
at org.openqa.selenium.remote.ProtocolHandshake.lambda$createSession$0(ProtocolHandshake.java:126)
at java.base/java.util.stream.ReferencePipeline$3$1.accept(ReferencePipeline.java:197)
at java.base/java.util.Spliterators$ArraySpliterator.tryAdvance(Spliterators.java:1002)
at java.base/java.util.stream.ReferencePipeline.forEachWithCancel(ReferencePipeline.java:129)
at java.base/java.util.stream.AbstractPipeline.copyIntoWithCancel(AbstractPipeline.java:527)
at java.base/java.util.stream.AbstractPipeline.copyInto(AbstractPipeline.java:513)
at java.base/java.util.stream.AbstractPipeline.wrapAndCopyInto(AbstractPipeline.java:499)
at java.base/java.util.stream.FindOps$FindOp.evaluateSequential(FindOps.java:150)
at java.base/java.util.stream.AbstractPipeline.evaluate(AbstractPipeline.java:234)
at java.base/java.util.stream.ReferencePipeline.findFirst(ReferencePipeline.java:647)
at org.openqa.selenium.remote.ProtocolHandshake.createSession(ProtocolHandshake.java:128)
at org.openqa.selenium.remote.ProtocolHandshake.createSession(ProtocolHandshake.java:74)
at org.openqa.selenium.remote.HttpCommandExecutor.execute(HttpCommandExecutor.java:136)
at org.openqa.selenium.remote.service.DriverCommandExecutor.execute(DriverCommandExecutor.java:83)
at org.openqa.selenium.remote.RemoteWebDriver.execute(RemoteWebDriver.java:552)
at org.openqa.selenium.remote.RemoteWebDriver.startSession(RemoteWebDriver.java:213)
at org.openqa.selenium.remote.RemoteWebDriver.<init>(RemoteWebDriver.java:131)
at org.openqa.selenium.chrome.ChromeDriver.<init>(ChromeDriver.java:181)
at org.openqa.selenium.chrome.ChromeDriver.<init>(ChromeDriver.java:168)
at org.openqa.selenium.chrome.ChromeDriver.<init>(ChromeDriver.java:157)
at org.yokekhei.fsd.capstone.selenium.BaseTests.launchBrowser(BaseTests.java:45)
at java.base/java.util.concurrent.FutureTask.run(FutureTask.java:264)
at java.base/java.util.concurrent.ThreadPoolExecutor.runWorker(ThreadPoolExecutor.java:1136)
at java.base/java.util.concurrent.ThreadPoolExecutor$Worker.run(ThreadPoolExecutor.java:635)
at java.base/java.lang.Thread.run(Thread.java:833)
... Removed 21 stack frames]]>
    </failure>
  </testcase> <!-- launchBrowser -->
  <testcase classname="org.yokekhei.fsd.capstone.selenium.UserCategoryTests" name="testCategoryCatalogSuccess" time="0.0">
    <skipped/>
  </testcase> <!-- testCategoryCatalogSuccess -->
  <testcase classname="org.yokekhei.fsd.capstone.selenium.UserRegisterTests" name="testRegisterSuccess" time="0.0">
    <skipped/>
  </testcase> <!-- testRegisterSuccess -->
  <testcase classname="org.yokekhei.fsd.capstone.selenium.AdminLoginTests" name="testLoginSuccess" time="0.0">
    <skipped/>
  </testcase> <!-- testLoginSuccess -->
  <testcase classname="org.yokekhei.fsd.capstone.selenium.AdminCategoryTests" name="testListCategorySuccess" time="0.001">
    <skipped/>
  </testcase> <!-- testListCategorySuccess -->
  <testcase classname="org.yokekhei.fsd.capstone.selenium.AdminLogoutTests" name="testLogoutSuccess" time="0.0">
    <ignored/>
  </testcase> <!-- testLogoutSuccess -->
  <testcase classname="org.yokekhei.fsd.capstone.selenium.UserLogoutTests" name="testLogoutSuccess" time="0.0">
    <ignored/>
  </testcase> <!-- testLogoutSuccess -->
</testsuite> <!-- Chrome Testing -->
