<!DOCTYPE html>

<html>
  <head>
  <meta charset='utf-8'>
  <title>TestNG reports</title>

    <link type="text/css" href="testng-reports.css" rel="stylesheet" />
    <script type="text/javascript" src="jquery-1.7.1.min.js"></script>
    <script type="text/javascript" src="testng-reports.js"></script>
    <script type="text/javascript" src="https://www.google.com/jsapi"></script>
    <script type='text/javascript'>
      google.load('visualization', '1', {packages:['table']});
      google.setOnLoadCallback(drawTable);
      var suiteTableInitFunctions = new Array();
      var suiteTableData = new Array();
    </script>
    <!--
      <script type="text/javascript" src="jquery-ui/js/jquery-ui-1.8.16.custom.min.js"></script>
     -->
  </head>

  <body>
    <div class="top-banner-root">
      <span class="top-banner-title-font">Test results</span>
      <br/>
      <span class="top-banner-font-1">1 suite, 11 failed tests</span>
    </div> <!-- top-banner-root -->
    <div class="navigator-root">
      <div class="navigator-suite-header">
        <span>All suites</span>
        <a href="#" title="Collapse/expand all the suites" class="collapse-all-link">
          <img src="collapseall.gif" class="collapse-all-icon">
          </img> <!-- collapse-all-icon -->
        </a> <!-- collapse-all-link -->
      </div> <!-- navigator-suite-header -->
      <div class="suite">
        <div class="rounded-window">
          <div class="suite-header light-rounded-window-top">
            <a href="#" panel-name="suite-Headless_Browser_Suite" class="navigator-link">
              <span class="suite-name border-failed">Headless Browser Suite</span>
            </a> <!-- navigator-link -->
          </div> <!-- suite-header light-rounded-window-top -->
          <div class="navigator-suite-content">
            <div class="suite-section-title">
              <span>Info</span>
            </div> <!-- suite-section-title -->
            <div class="suite-section-content">
              <ul>
                <li>
                  <a href="#" panel-name="test-xml-Headless_Browser_Suite" class="navigator-link ">
                    <span>C:\Users\HP\Downloads\myjavaproject-master\myjavaproject-master\Capstone-Project\foodBox\selenium\testng.xml</span>
                  </a> <!-- navigator-link  -->
                </li>
                <li>
                  <a href="#" panel-name="testlist-Headless_Browser_Suite" class="navigator-link ">
                    <span class="test-stats">2 tests</span>
                  </a> <!-- navigator-link  -->
                </li>
                <li>
                  <a href="#" panel-name="group-Headless_Browser_Suite" class="navigator-link ">
                    <span>0 groups</span>
                  </a> <!-- navigator-link  -->
                </li>
                <li>
                  <a href="#" panel-name="times-Headless_Browser_Suite" class="navigator-link ">
                    <span>Times</span>
                  </a> <!-- navigator-link  -->
                </li>
                <li>
                  <a href="#" panel-name="reporter-Headless_Browser_Suite" class="navigator-link ">
                    <span>Reporter output</span>
                  </a> <!-- navigator-link  -->
                </li>
                <li>
                  <a href="#" panel-name="ignored-methods-Headless_Browser_Suite" class="navigator-link ">
                    <span>Ignored methods</span>
                  </a> <!-- navigator-link  -->
                </li>
                <li>
                  <a href="#" panel-name="chronological-Headless_Browser_Suite" class="navigator-link ">
                    <span>Chronological view</span>
                  </a> <!-- navigator-link  -->
                </li>
              </ul>
            </div> <!-- suite-section-content -->
            <div class="result-section">
              <div class="suite-section-title">
                <span>Results</span>
              </div> <!-- suite-section-title -->
              <div class="suite-section-content">
                <ul>
                  <li>
                    <span class="method-stats">22 methods, 11 failed,  4 skipped,  7 passed</span>
                  </li>
                  <li>
                    <span class="method-list-title failed">Failed methods</span>
                    <span class="show-or-hide-methods failed">
                      <a href="#" panel-name="suite-Headless_Browser_Suite" class="hide-methods failed suite-Headless_Browser_Suite"> (hide)</a> <!-- hide-methods failed suite-Headless_Browser_Suite -->
                      <a href="#" panel-name="suite-Headless_Browser_Suite" class="show-methods failed suite-Headless_Browser_Suite"> (show)</a> <!-- show-methods failed suite-Headless_Browser_Suite -->
                    </span>
                    <div class="method-list-content failed suite-Headless_Browser_Suite">
                      <span>
                        <img src="failed.png" width="3%"/>
                        <a href="#" panel-name="suite-Headless_Browser_Suite" title="org.yokekhei.fsd.capstone.selenium.UserCategoryTests" class="method navigator-link" hash-for-method="launchBrowser(chrome headless)">launchBrowser(chrome headless)</a> <!-- method navigator-link -->
                      </span>
                      <br/>
                      <span>
                        <img src="failed.png" width="3%"/>
                        <a href="#" panel-name="suite-Headless_Browser_Suite" title="org.yokekhei.fsd.capstone.selenium.AdminLoginTests" class="method navigator-link" hash-for-method="launchBrowser(chrome headless)">launchBrowser(chrome headless)</a> <!-- method navigator-link -->
                      </span>
                      <br/>
                      <span>
                        <img src="failed.png" width="3%"/>
                        <a href="#" panel-name="suite-Headless_Browser_Suite" title="org.yokekhei.fsd.capstone.selenium.AdminCategoryTests" class="method navigator-link" hash-for-method="launchBrowser(chrome headless)">launchBrowser(chrome headless)</a> <!-- method navigator-link -->
                      </span>
                      <br/>
                      <span>
                        <img src="failed.png" width="3%"/>
                        <a href="#" panel-name="suite-Headless_Browser_Suite" title="org.yokekhei.fsd.capstone.selenium.UserLogoutTests" class="method navigator-link" hash-for-method="launchBrowser(chrome headless)">launchBrowser(chrome headless)</a> <!-- method navigator-link -->
                      </span>
                      <br/>
                      <span>
                        <img src="failed.png" width="3%"/>
                        <a href="#" panel-name="suite-Headless_Browser_Suite" title="org.yokekhei.fsd.capstone.selenium.UserRegisterTests" class="method navigator-link" hash-for-method="launchBrowser(chrome headless)">launchBrowser(chrome headless)</a> <!-- method navigator-link -->
                      </span>
                      <br/>
                      <span>
                        <img src="failed.png" width="3%"/>
                        <a href="#" panel-name="suite-Headless_Browser_Suite" title="org.yokekhei.fsd.capstone.selenium.AdminLogoutTests" class="method navigator-link" hash-for-method="launchBrowser(chrome headless)">launchBrowser(chrome headless)</a> <!-- method navigator-link -->
                      </span>
                      <br/>
                      <span>
                        <img src="failed.png" width="3%"/>
                        <a href="#" panel-name="suite-Headless_Browser_Suite" title="org.yokekhei.fsd.capstone.selenium.UserCategoryTests" class="method navigator-link" hash-for-method="testCategoryCatalogSuccess(firefox headless)">testCategoryCatalogSuccess(firefox headless)</a> <!-- method navigator-link -->
                      </span>
                      <br/>
                      <span>
                        <img src="failed.png" width="3%"/>
                        <a href="#" panel-name="suite-Headless_Browser_Suite" title="org.yokekhei.fsd.capstone.selenium.AdminCategoryTests" class="method navigator-link" hash-for-method="testListCategorySuccess">testListCategorySuccess</a> <!-- method navigator-link -->
                      </span>
                      <br/>
                      <span>
                        <img src="failed.png" width="3%"/>
                        <a href="#" panel-name="suite-Headless_Browser_Suite" title="org.yokekhei.fsd.capstone.selenium.UserLoginTests" class="method navigator-link" hash-for-method="testLoginSuccess">testLoginSuccess</a> <!-- method navigator-link -->
                      </span>
                      <br/>
                      <span>
                        <img src="failed.png" width="3%"/>
                        <a href="#" panel-name="suite-Headless_Browser_Suite" title="org.yokekhei.fsd.capstone.selenium.AdminLoginTests" class="method navigator-link" hash-for-method="testLoginSuccess">testLoginSuccess</a> <!-- method navigator-link -->
                      </span>
                      <br/>
                      <span>
                        <img src="failed.png" width="3%"/>
                        <a href="#" panel-name="suite-Headless_Browser_Suite" title="org.yokekhei.fsd.capstone.selenium.UserRegisterTests" class="method navigator-link" hash-for-method="testRegisterSuccess(firefox headless)">testRegisterSuccess(firefox headless)</a> <!-- method navigator-link -->
                      </span>
                      <br/>
                    </div> <!-- method-list-content failed suite-Headless_Browser_Suite -->
                  </li>
                  <li>
                    <span class="method-list-title skipped">Skipped methods</span>
                    <span class="show-or-hide-methods skipped">
                      <a href="#" panel-name="suite-Headless_Browser_Suite" class="hide-methods skipped suite-Headless_Browser_Suite"> (hide)</a> <!-- hide-methods skipped suite-Headless_Browser_Suite -->
                      <a href="#" panel-name="suite-Headless_Browser_Suite" class="show-methods skipped suite-Headless_Browser_Suite"> (show)</a> <!-- show-methods skipped suite-Headless_Browser_Suite -->
                    </span>
                    <div class="method-list-content skipped suite-Headless_Browser_Suite">
                      <span>
                        <img src="skipped.png" width="3%"/>
                        <a href="#" panel-name="suite-Headless_Browser_Suite" title="org.yokekhei.fsd.capstone.selenium.UserCategoryTests" class="method navigator-link" hash-for-method="testCategoryCatalogSuccess">testCategoryCatalogSuccess</a> <!-- method navigator-link -->
                      </span>
                      <br/>
                      <span>
                        <img src="skipped.png" width="3%"/>
                        <a href="#" panel-name="suite-Headless_Browser_Suite" title="org.yokekhei.fsd.capstone.selenium.AdminCategoryTests" class="method navigator-link" hash-for-method="testListCategorySuccess">testListCategorySuccess</a> <!-- method navigator-link -->
                      </span>
                      <br/>
                      <span>
                        <img src="skipped.png" width="3%"/>
                        <a href="#" panel-name="suite-Headless_Browser_Suite" title="org.yokekhei.fsd.capstone.selenium.AdminLoginTests" class="method navigator-link" hash-for-method="testLoginSuccess">testLoginSuccess</a> <!-- method navigator-link -->
                      </span>
                      <br/>
                      <span>
                        <img src="skipped.png" width="3%"/>
                        <a href="#" panel-name="suite-Headless_Browser_Suite" title="org.yokekhei.fsd.capstone.selenium.UserRegisterTests" class="method navigator-link" hash-for-method="testRegisterSuccess">testRegisterSuccess</a> <!-- method navigator-link -->
                      </span>
                      <br/>
                    </div> <!-- method-list-content skipped suite-Headless_Browser_Suite -->
                  </li>
                  <li>
                    <span class="method-list-title passed">Passed methods</span>
                    <span class="show-or-hide-methods passed">
                      <a href="#" panel-name="suite-Headless_Browser_Suite" class="hide-methods passed suite-Headless_Browser_Suite"> (hide)</a> <!-- hide-methods passed suite-Headless_Browser_Suite -->
                      <a href="#" panel-name="suite-Headless_Browser_Suite" class="show-methods passed suite-Headless_Browser_Suite"> (show)</a> <!-- show-methods passed suite-Headless_Browser_Suite -->
                    </span>
                    <div class="method-list-content passed suite-Headless_Browser_Suite">
                      <span>
                        <img src="passed.png" width="3%"/>
                        <a href="#" panel-name="suite-Headless_Browser_Suite" title="org.yokekhei.fsd.capstone.selenium.AdminLogoutTests" class="method navigator-link" hash-for-method="launchBrowser(firefox headless)">launchBrowser(firefox headless)</a> <!-- method navigator-link -->
                      </span>
                      <br/>
                      <span>
                        <img src="passed.png" width="3%"/>
                        <a href="#" panel-name="suite-Headless_Browser_Suite" title="org.yokekhei.fsd.capstone.selenium.UserCategoryTests" class="method navigator-link" hash-for-method="launchBrowser(firefox headless)">launchBrowser(firefox headless)</a> <!-- method navigator-link -->
                      </span>
                      <br/>
                      <span>
                        <img src="passed.png" width="3%"/>
                        <a href="#" panel-name="suite-Headless_Browser_Suite" title="org.yokekhei.fsd.capstone.selenium.AdminLoginTests" class="method navigator-link" hash-for-method="launchBrowser(firefox headless)">launchBrowser(firefox headless)</a> <!-- method navigator-link -->
                      </span>
                      <br/>
                      <span>
                        <img src="passed.png" width="3%"/>
                        <a href="#" panel-name="suite-Headless_Browser_Suite" title="org.yokekhei.fsd.capstone.selenium.AdminCategoryTests" class="method navigator-link" hash-for-method="launchBrowser(firefox headless)">launchBrowser(firefox headless)</a> <!-- method navigator-link -->
                      </span>
                      <br/>
                      <span>
                        <img src="passed.png" width="3%"/>
                        <a href="#" panel-name="suite-Headless_Browser_Suite" title="org.yokekhei.fsd.capstone.selenium.UserRegisterTests" class="method navigator-link" hash-for-method="launchBrowser(firefox headless)">launchBrowser(firefox headless)</a> <!-- method navigator-link -->
                      </span>
                      <br/>
                      <span>
                        <img src="passed.png" width="3%"/>
                        <a href="#" panel-name="suite-Headless_Browser_Suite" title="org.yokekhei.fsd.capstone.selenium.UserLoginTests" class="method navigator-link" hash-for-method="launchBrowser(firefox headless)">launchBrowser(firefox headless)</a> <!-- method navigator-link -->
                      </span>
                      <br/>
                      <span>
                        <img src="passed.png" width="3%"/>
                        <a href="#" panel-name="suite-Headless_Browser_Suite" title="org.yokekhei.fsd.capstone.selenium.UserLogoutTests" class="method navigator-link" hash-for-method="launchBrowser(firefox headless)">launchBrowser(firefox headless)</a> <!-- method navigator-link -->
                      </span>
                      <br/>
                    </div> <!-- method-list-content passed suite-Headless_Browser_Suite -->
                  </li>
                </ul>
              </div> <!-- suite-section-content -->
            </div> <!-- result-section -->
          </div> <!-- navigator-suite-content -->
        </div> <!-- rounded-window -->
      </div> <!-- suite -->
    </div> <!-- navigator-root -->
    <div class="wrapper">
      <div class="main-panel-root">
        <div panel-name="suite-Headless_Browser_Suite" class="panel Headless_Browser_Suite">
          <div class="suite-Headless_Browser_Suite-class-failed">
            <div class="main-panel-header rounded-window-top">
              <img src="failed.png"/>
              <span class="class-name">org.yokekhei.fsd.capstone.selenium.UserRegisterTests</span>
            </div> <!-- main-panel-header rounded-window-top -->
            <div class="main-panel-content rounded-window-bottom">
              <div class="method">
                <div class="method-content">
                  <a name="launchBrowser(chrome headless)">
                  </a> <!-- launchBrowser(chrome headless) -->
                  <span class="method-name">launchBrowser</span>
                  <span class="parameters">(chrome headless)</span>
                  <div class="stack-trace">org.openqa.selenium.SessionNotCreatedException: session not created: This version of ChromeDriver only supports Chrome version 88
Current browser version is 100.0.4896.127 with binary path C:\Program Files (x86)\Google\Chrome\Application\chrome.exe
Build info: version: &apos;3.141.59&apos;, revision: &apos;e82be7d358&apos;, time: &apos;2018-11-14T08:17:03&apos;
System info: host: &apos;DESKTOP-M888G10&apos;, ip: &apos;192.168.1.40&apos;, os.name: &apos;Windows 10&apos;, os.arch: &apos;amd64&apos;, os.version: &apos;10.0&apos;, java.version: &apos;17.0.2&apos;
Driver info: driver.version: ChromeDriver
remote stacktrace: Backtrace:
	GetHandleVerifier [0x0010B963+483]
	GetHandleVerifier [0x0010B941+449]
	GetHandleVerifier [0x004B3308+3832712]
	GetHandleVerifier [0x004CD69A+3940122]
	GetHandleVerifier [0x004C9AFB+3924859]
	GetHandleVerifier [0x004C7D9C+3917340]
	GetHandleVerifier [0x004EE7FE+4075646]
	GetHandleVerifier [0x004EE56C+4074988]
	GetHandleVerifier [0x004EB2EB+4062059]
	GetHandleVerifier [0x004CED14+3945876]
	GetHandleVerifier [0x004CFBCE+3949646]
	GetHandleVerifier [0x004CFB59+3949529]
	Ordinal0 [0x000CB5CC+46540]
	Ordinal0 [0x000C9F53+40787]
	Ordinal0 [0x000C9B12+39698]
	GetHandleVerifier [0x003D1468+2907368]
	GetHandleVerifier [0x002171EE+1096302]
	GetHandleVerifier [0x001D3E8D+821005]
	GetHandleVerifier [0x001D396B+819691]
	GetHandleVerifier [0x001D3881+819457]
	GetHandleVerifier [0x001FF463+998627]
	BaseThreadInitThunk [0x76E3FA29+25]
	RtlGetAppContainerNamedObjectPath [0x771B7A7E+286]
	RtlGetAppContainerNamedObjectPath [0x771B7A4E+238]
	(No symbol) [0x00000000]

	at org.openqa.selenium.remote.W3CHandshakeResponse.lambda$errorHandler$0(W3CHandshakeResponse.java:62)
	at org.openqa.selenium.remote.HandshakeResponse.lambda$getResponseFunction$0(HandshakeResponse.java:30)
	at org.openqa.selenium.remote.ProtocolHandshake.lambda$createSession$0(ProtocolHandshake.java:126)
	at java.base/java.util.stream.ReferencePipeline$3$1.accept(ReferencePipeline.java:197)
	at java.base/java.util.Spliterators$ArraySpliterator.tryAdvance(Spliterators.java:1002)
	at java.base/java.util.stream.ReferencePipeline.forEachWithCancel(ReferencePipeline.java:129)
	at java.base/java.util.stream.AbstractPipeline.copyIntoWithCancel(AbstractPipeline.java:527)
	at java.base/java.util.stream.AbstractPipeline.copyInto(AbstractPipeline.java:513)
	at java.base/java.util.stream.AbstractPipeline.wrapAndCopyInto(AbstractPipeline.java:499)
	at java.base/java.util.stream.FindOps$FindOp.evaluateSequential(FindOps.java:150)
	at java.base/java.util.stream.AbstractPipeline.evaluate(AbstractPipeline.java:234)
	at java.base/java.util.stream.ReferencePipeline.findFirst(ReferencePipeline.java:647)
	at org.openqa.selenium.remote.ProtocolHandshake.createSession(ProtocolHandshake.java:128)
	at org.openqa.selenium.remote.ProtocolHandshake.createSession(ProtocolHandshake.java:74)
	at org.openqa.selenium.remote.HttpCommandExecutor.execute(HttpCommandExecutor.java:136)
	at org.openqa.selenium.remote.service.DriverCommandExecutor.execute(DriverCommandExecutor.java:83)
	at org.openqa.selenium.remote.RemoteWebDriver.execute(RemoteWebDriver.java:552)
	at org.openqa.selenium.remote.RemoteWebDriver.startSession(RemoteWebDriver.java:213)
	at org.openqa.selenium.remote.RemoteWebDriver.&lt;init&gt;(RemoteWebDriver.java:131)
	at org.openqa.selenium.chrome.ChromeDriver.&lt;init&gt;(ChromeDriver.java:181)
	at org.openqa.selenium.chrome.ChromeDriver.&lt;init&gt;(ChromeDriver.java:168)
	at org.openqa.selenium.chrome.ChromeDriver.&lt;init&gt;(ChromeDriver.java:157)
	at org.yokekhei.fsd.capstone.selenium.BaseTests.launchBrowser(BaseTests.java:45)
	at java.base/java.util.concurrent.FutureTask.run(FutureTask.java:264)
	at java.base/java.util.concurrent.ThreadPoolExecutor.runWorker(ThreadPoolExecutor.java:1136)
	at java.base/java.util.concurrent.ThreadPoolExecutor$Worker.run(ThreadPoolExecutor.java:635)
	at java.base/java.lang.Thread.run(Thread.java:833)
... Removed 21 stack frames
</div> <!-- stack-trace -->
                </div> <!-- method-content -->
              </div> <!-- method -->
              <div class="method">
                <div class="method-content">
                  <a name="testRegisterSuccess(firefox headless)">
                  </a> <!-- testRegisterSuccess(firefox headless) -->
                  <span class="method-name">testRegisterSuccess</span>
                  <span class="parameters">(firefox headless)</span>
                  <div class="stack-trace">org.openqa.selenium.WebDriverException: Reached error page: about:neterror?e=connectionFailure&amp;u=http%3A//localhost%3A4200/&amp;c=UTF-8&amp;d=Firefox%20can%E2%80%99t%20establish%20a%20connection%20to%20the%20server%20at%20localhost%3A4200.
Build info: version: &apos;3.141.59&apos;, revision: &apos;e82be7d358&apos;, time: &apos;2018-11-14T08:17:03&apos;
System info: host: &apos;DESKTOP-M888G10&apos;, ip: &apos;192.168.1.40&apos;, os.name: &apos;Windows 10&apos;, os.arch: &apos;amd64&apos;, os.version: &apos;10.0&apos;, java.version: &apos;17.0.2&apos;
Driver info: org.openqa.selenium.firefox.FirefoxDriver
Capabilities {acceptInsecureCerts: true, browserName: firefox, browserVersion: 99.0.1, javascriptEnabled: true, moz:accessibilityChecks: false, moz:buildID: 20220411174855, moz:geckodriverVersion: 0.31.0, moz:headless: true, moz:processID: 2800, moz:profile: C:\Users\HP\AppData\Local\T..., moz:shutdownTimeout: 60000, moz:useNonSpecCompliantPointerOrigin: false, moz:webdriverClick: true, pageLoadStrategy: normal, platform: WINDOWS, platformName: WINDOWS, platformVersion: 10.0, proxy: Proxy(), setWindowRect: true, strictFileInteractability: false, timeouts: {implicit: 0, pageLoad: 300000, script: 30000}, unhandledPromptBehavior: dismiss and notify}
Session ID: 48ca9cde-d9f7-4a8f-bd2a-9551e2d202d2
	at org.openqa.selenium.remote.http.W3CHttpResponseCodec.createException(W3CHttpResponseCodec.java:187)
	at org.openqa.selenium.remote.http.W3CHttpResponseCodec.decode(W3CHttpResponseCodec.java:122)
	at org.openqa.selenium.remote.http.W3CHttpResponseCodec.decode(W3CHttpResponseCodec.java:49)
	at org.openqa.selenium.remote.HttpCommandExecutor.execute(HttpCommandExecutor.java:158)
	at org.openqa.selenium.remote.service.DriverCommandExecutor.execute(DriverCommandExecutor.java:83)
	at org.openqa.selenium.remote.RemoteWebDriver.execute(RemoteWebDriver.java:552)
	at org.openqa.selenium.remote.RemoteWebDriver.get(RemoteWebDriver.java:277)
	at org.yokekhei.fsd.capstone.selenium.BaseTests.accessPage(BaseTests.java:75)
	at org.yokekhei.fsd.capstone.selenium.UserRegisterTests.testRegisterSuccess(UserRegisterTests.java:27)
	at java.base/java.util.concurrent.FutureTask.run(FutureTask.java:264)
	at java.base/java.util.concurrent.ThreadPoolExecutor.runWorker(ThreadPoolExecutor.java:1136)
	at java.base/java.util.concurrent.ThreadPoolExecutor$Worker.run(ThreadPoolExecutor.java:635)
	at java.base/java.lang.Thread.run(Thread.java:833)
... Removed 21 stack frames
</div> <!-- stack-trace -->
                </div> <!-- method-content -->
              </div> <!-- method -->
            </div> <!-- main-panel-content rounded-window-bottom -->
          </div> <!-- suite-Headless_Browser_Suite-class-failed -->
          <div class="suite-Headless_Browser_Suite-class-failed">
            <div class="main-panel-header rounded-window-top">
              <img src="failed.png"/>
              <span class="class-name">org.yokekhei.fsd.capstone.selenium.UserCategoryTests</span>
            </div> <!-- main-panel-header rounded-window-top -->
            <div class="main-panel-content rounded-window-bottom">
              <div class="method">
                <div class="method-content">
                  <a name="launchBrowser(chrome headless)">
                  </a> <!-- launchBrowser(chrome headless) -->
                  <span class="method-name">launchBrowser</span>
                  <span class="parameters">(chrome headless)</span>
                  <div class="stack-trace">org.openqa.selenium.SessionNotCreatedException: session not created: This version of ChromeDriver only supports Chrome version 88
Current browser version is 100.0.4896.127 with binary path C:\Program Files (x86)\Google\Chrome\Application\chrome.exe
Build info: version: &apos;3.141.59&apos;, revision: &apos;e82be7d358&apos;, time: &apos;2018-11-14T08:17:03&apos;
System info: host: &apos;DESKTOP-M888G10&apos;, ip: &apos;192.168.1.40&apos;, os.name: &apos;Windows 10&apos;, os.arch: &apos;amd64&apos;, os.version: &apos;10.0&apos;, java.version: &apos;17.0.2&apos;
Driver info: driver.version: ChromeDriver
remote stacktrace: Backtrace:
	GetHandleVerifier [0x0010B963+483]
	GetHandleVerifier [0x0010B941+449]
	GetHandleVerifier [0x004B3308+3832712]
	GetHandleVerifier [0x004CD69A+3940122]
	GetHandleVerifier [0x004C9AFB+3924859]
	GetHandleVerifier [0x004C7D9C+3917340]
	GetHandleVerifier [0x004EE7FE+4075646]
	GetHandleVerifier [0x004EE56C+4074988]
	GetHandleVerifier [0x004EB2EB+4062059]
	GetHandleVerifier [0x004CED14+3945876]
	GetHandleVerifier [0x004CFBCE+3949646]
	GetHandleVerifier [0x004CFB59+3949529]
	Ordinal0 [0x000CB5CC+46540]
	Ordinal0 [0x000C9F53+40787]
	Ordinal0 [0x000C9B12+39698]
	GetHandleVerifier [0x003D1468+2907368]
	GetHandleVerifier [0x002171EE+1096302]
	GetHandleVerifier [0x001D3E8D+821005]
	GetHandleVerifier [0x001D396B+819691]
	GetHandleVerifier [0x001D3881+819457]
	GetHandleVerifier [0x001FF463+998627]
	BaseThreadInitThunk [0x76E3FA29+25]
	RtlGetAppContainerNamedObjectPath [0x771B7A7E+286]
	RtlGetAppContainerNamedObjectPath [0x771B7A4E+238]
	(No symbol) [0x00000000]

	at org.openqa.selenium.remote.W3CHandshakeResponse.lambda$errorHandler$0(W3CHandshakeResponse.java:62)
	at org.openqa.selenium.remote.HandshakeResponse.lambda$getResponseFunction$0(HandshakeResponse.java:30)
	at org.openqa.selenium.remote.ProtocolHandshake.lambda$createSession$0(ProtocolHandshake.java:126)
	at java.base/java.util.stream.ReferencePipeline$3$1.accept(ReferencePipeline.java:197)
	at java.base/java.util.Spliterators$ArraySpliterator.tryAdvance(Spliterators.java:1002)
	at java.base/java.util.stream.ReferencePipeline.forEachWithCancel(ReferencePipeline.java:129)
	at java.base/java.util.stream.AbstractPipeline.copyIntoWithCancel(AbstractPipeline.java:527)
	at java.base/java.util.stream.AbstractPipeline.copyInto(AbstractPipeline.java:513)
	at java.base/java.util.stream.AbstractPipeline.wrapAndCopyInto(AbstractPipeline.java:499)
	at java.base/java.util.stream.FindOps$FindOp.evaluateSequential(FindOps.java:150)
	at java.base/java.util.stream.AbstractPipeline.evaluate(AbstractPipeline.java:234)
	at java.base/java.util.stream.ReferencePipeline.findFirst(ReferencePipeline.java:647)
	at org.openqa.selenium.remote.ProtocolHandshake.createSession(ProtocolHandshake.java:128)
	at org.openqa.selenium.remote.ProtocolHandshake.createSession(ProtocolHandshake.java:74)
	at org.openqa.selenium.remote.HttpCommandExecutor.execute(HttpCommandExecutor.java:136)
	at org.openqa.selenium.remote.service.DriverCommandExecutor.execute(DriverCommandExecutor.java:83)
	at org.openqa.selenium.remote.RemoteWebDriver.execute(RemoteWebDriver.java:552)
	at org.openqa.selenium.remote.RemoteWebDriver.startSession(RemoteWebDriver.java:213)
	at org.openqa.selenium.remote.RemoteWebDriver.&lt;init&gt;(RemoteWebDriver.java:131)
	at org.openqa.selenium.chrome.ChromeDriver.&lt;init&gt;(ChromeDriver.java:181)
	at org.openqa.selenium.chrome.ChromeDriver.&lt;init&gt;(ChromeDriver.java:168)
	at org.openqa.selenium.chrome.ChromeDriver.&lt;init&gt;(ChromeDriver.java:157)
	at org.yokekhei.fsd.capstone.selenium.BaseTests.launchBrowser(BaseTests.java:45)
	at java.base/java.util.concurrent.FutureTask.run(FutureTask.java:264)
	at java.base/java.util.concurrent.ThreadPoolExecutor.runWorker(ThreadPoolExecutor.java:1136)
	at java.base/java.util.concurrent.ThreadPoolExecutor$Worker.run(ThreadPoolExecutor.java:635)
	at java.base/java.lang.Thread.run(Thread.java:833)
... Removed 21 stack frames
</div> <!-- stack-trace -->
                </div> <!-- method-content -->
              </div> <!-- method -->
              <div class="method">
                <div class="method-content">
                  <a name="testCategoryCatalogSuccess(firefox headless)">
                  </a> <!-- testCategoryCatalogSuccess(firefox headless) -->
                  <span class="method-name">testCategoryCatalogSuccess</span>
                  <span class="parameters">(firefox headless)</span>
                  <div class="stack-trace">org.openqa.selenium.WebDriverException: Reached error page: about:neterror?e=connectionFailure&amp;u=http%3A//localhost%3A4200/&amp;c=UTF-8&amp;d=Firefox%20can%E2%80%99t%20establish%20a%20connection%20to%20the%20server%20at%20localhost%3A4200.
Build info: version: &apos;3.141.59&apos;, revision: &apos;e82be7d358&apos;, time: &apos;2018-11-14T08:17:03&apos;
System info: host: &apos;DESKTOP-M888G10&apos;, ip: &apos;192.168.1.40&apos;, os.name: &apos;Windows 10&apos;, os.arch: &apos;amd64&apos;, os.version: &apos;10.0&apos;, java.version: &apos;17.0.2&apos;
Driver info: org.openqa.selenium.firefox.FirefoxDriver
Capabilities {acceptInsecureCerts: true, browserName: firefox, browserVersion: 99.0.1, javascriptEnabled: true, moz:accessibilityChecks: false, moz:buildID: 20220411174855, moz:geckodriverVersion: 0.31.0, moz:headless: true, moz:processID: 15692, moz:profile: C:\Users\HP\AppData\Local\T..., moz:shutdownTimeout: 60000, moz:useNonSpecCompliantPointerOrigin: false, moz:webdriverClick: true, pageLoadStrategy: normal, platform: WINDOWS, platformName: WINDOWS, platformVersion: 10.0, proxy: Proxy(), setWindowRect: true, strictFileInteractability: false, timeouts: {implicit: 0, pageLoad: 300000, script: 30000}, unhandledPromptBehavior: dismiss and notify}
Session ID: 19df00ec-1321-4273-a947-fc00bec9d904
	at org.openqa.selenium.remote.http.W3CHttpResponseCodec.createException(W3CHttpResponseCodec.java:187)
	at org.openqa.selenium.remote.http.W3CHttpResponseCodec.decode(W3CHttpResponseCodec.java:122)
	at org.openqa.selenium.remote.http.W3CHttpResponseCodec.decode(W3CHttpResponseCodec.java:49)
	at org.openqa.selenium.remote.HttpCommandExecutor.execute(HttpCommandExecutor.java:158)
	at org.openqa.selenium.remote.service.DriverCommandExecutor.execute(DriverCommandExecutor.java:83)
	at org.openqa.selenium.remote.RemoteWebDriver.execute(RemoteWebDriver.java:552)
	at org.openqa.selenium.remote.RemoteWebDriver.get(RemoteWebDriver.java:277)
	at org.yokekhei.fsd.capstone.selenium.BaseTests.accessPage(BaseTests.java:75)
	at org.yokekhei.fsd.capstone.selenium.UserCategoryTests.testCategoryCatalogSuccess(UserCategoryTests.java:19)
	at java.base/java.util.concurrent.FutureTask.run(FutureTask.java:264)
	at java.base/java.util.concurrent.ThreadPoolExecutor.runWorker(ThreadPoolExecutor.java:1136)
	at java.base/java.util.concurrent.ThreadPoolExecutor$Worker.run(ThreadPoolExecutor.java:635)
	at java.base/java.lang.Thread.run(Thread.java:833)
... Removed 21 stack frames
</div> <!-- stack-trace -->
                </div> <!-- method-content -->
              </div> <!-- method -->
            </div> <!-- main-panel-content rounded-window-bottom -->
          </div> <!-- suite-Headless_Browser_Suite-class-failed -->
          <div class="suite-Headless_Browser_Suite-class-failed">
            <div class="main-panel-header rounded-window-top">
              <img src="failed.png"/>
              <span class="class-name">org.yokekhei.fsd.capstone.selenium.AdminLogoutTests</span>
            </div> <!-- main-panel-header rounded-window-top -->
            <div class="main-panel-content rounded-window-bottom">
              <div class="method">
                <div class="method-content">
                  <a name="launchBrowser(chrome headless)">
                  </a> <!-- launchBrowser(chrome headless) -->
                  <span class="method-name">launchBrowser</span>
                  <span class="parameters">(chrome headless)</span>
                  <div class="stack-trace">org.openqa.selenium.SessionNotCreatedException: session not created: This version of ChromeDriver only supports Chrome version 88
Current browser version is 100.0.4896.127 with binary path C:\Program Files (x86)\Google\Chrome\Application\chrome.exe
Build info: version: &apos;3.141.59&apos;, revision: &apos;e82be7d358&apos;, time: &apos;2018-11-14T08:17:03&apos;
System info: host: &apos;DESKTOP-M888G10&apos;, ip: &apos;192.168.1.40&apos;, os.name: &apos;Windows 10&apos;, os.arch: &apos;amd64&apos;, os.version: &apos;10.0&apos;, java.version: &apos;17.0.2&apos;
Driver info: driver.version: ChromeDriver
remote stacktrace: Backtrace:
	GetHandleVerifier [0x0010B963+483]
	GetHandleVerifier [0x0010B941+449]
	GetHandleVerifier [0x004B3308+3832712]
	GetHandleVerifier [0x004CD69A+3940122]
	GetHandleVerifier [0x004C9AFB+3924859]
	GetHandleVerifier [0x004C7D9C+3917340]
	GetHandleVerifier [0x004EE7FE+4075646]
	GetHandleVerifier [0x004EE56C+4074988]
	GetHandleVerifier [0x004EB2EB+4062059]
	GetHandleVerifier [0x004CED14+3945876]
	GetHandleVerifier [0x004CFBCE+3949646]
	GetHandleVerifier [0x004CFB59+3949529]
	Ordinal0 [0x000CB5CC+46540]
	Ordinal0 [0x000C9F53+40787]
	Ordinal0 [0x000C9B12+39698]
	GetHandleVerifier [0x003D1468+2907368]
	GetHandleVerifier [0x002171EE+1096302]
	GetHandleVerifier [0x001D3E8D+821005]
	GetHandleVerifier [0x001D396B+819691]
	GetHandleVerifier [0x001D3881+819457]
	GetHandleVerifier [0x001FF463+998627]
	BaseThreadInitThunk [0x76E3FA29+25]
	RtlGetAppContainerNamedObjectPath [0x771B7A7E+286]
	RtlGetAppContainerNamedObjectPath [0x771B7A4E+238]
	(No symbol) [0x00000000]

	at org.openqa.selenium.remote.W3CHandshakeResponse.lambda$errorHandler$0(W3CHandshakeResponse.java:62)
	at org.openqa.selenium.remote.HandshakeResponse.lambda$getResponseFunction$0(HandshakeResponse.java:30)
	at org.openqa.selenium.remote.ProtocolHandshake.lambda$createSession$0(ProtocolHandshake.java:126)
	at java.base/java.util.stream.ReferencePipeline$3$1.accept(ReferencePipeline.java:197)
	at java.base/java.util.Spliterators$ArraySpliterator.tryAdvance(Spliterators.java:1002)
	at java.base/java.util.stream.ReferencePipeline.forEachWithCancel(ReferencePipeline.java:129)
	at java.base/java.util.stream.AbstractPipeline.copyIntoWithCancel(AbstractPipeline.java:527)
	at java.base/java.util.stream.AbstractPipeline.copyInto(AbstractPipeline.java:513)
	at java.base/java.util.stream.AbstractPipeline.wrapAndCopyInto(AbstractPipeline.java:499)
	at java.base/java.util.stream.FindOps$FindOp.evaluateSequential(FindOps.java:150)
	at java.base/java.util.stream.AbstractPipeline.evaluate(AbstractPipeline.java:234)
	at java.base/java.util.stream.ReferencePipeline.findFirst(ReferencePipeline.java:647)
	at org.openqa.selenium.remote.ProtocolHandshake.createSession(ProtocolHandshake.java:128)
	at org.openqa.selenium.remote.ProtocolHandshake.createSession(ProtocolHandshake.java:74)
	at org.openqa.selenium.remote.HttpCommandExecutor.execute(HttpCommandExecutor.java:136)
	at org.openqa.selenium.remote.service.DriverCommandExecutor.execute(DriverCommandExecutor.java:83)
	at org.openqa.selenium.remote.RemoteWebDriver.execute(RemoteWebDriver.java:552)
	at org.openqa.selenium.remote.RemoteWebDriver.startSession(RemoteWebDriver.java:213)
	at org.openqa.selenium.remote.RemoteWebDriver.&lt;init&gt;(RemoteWebDriver.java:131)
	at org.openqa.selenium.chrome.ChromeDriver.&lt;init&gt;(ChromeDriver.java:181)
	at org.openqa.selenium.chrome.ChromeDriver.&lt;init&gt;(ChromeDriver.java:168)
	at org.openqa.selenium.chrome.ChromeDriver.&lt;init&gt;(ChromeDriver.java:157)
	at org.yokekhei.fsd.capstone.selenium.BaseTests.launchBrowser(BaseTests.java:45)
	at java.base/java.util.concurrent.FutureTask.run(FutureTask.java:264)
	at java.base/java.util.concurrent.ThreadPoolExecutor.runWorker(ThreadPoolExecutor.java:1136)
	at java.base/java.util.concurrent.ThreadPoolExecutor$Worker.run(ThreadPoolExecutor.java:635)
	at java.base/java.lang.Thread.run(Thread.java:833)
... Removed 21 stack frames
</div> <!-- stack-trace -->
                </div> <!-- method-content -->
              </div> <!-- method -->
            </div> <!-- main-panel-content rounded-window-bottom -->
          </div> <!-- suite-Headless_Browser_Suite-class-failed -->
          <div class="suite-Headless_Browser_Suite-class-failed">
            <div class="main-panel-header rounded-window-top">
              <img src="failed.png"/>
              <span class="class-name">org.yokekhei.fsd.capstone.selenium.UserLoginTests</span>
            </div> <!-- main-panel-header rounded-window-top -->
            <div class="main-panel-content rounded-window-bottom">
              <div class="method">
                <div class="method-content">
                  <a name="testLoginSuccess">
                  </a> <!-- testLoginSuccess -->
                  <span class="method-name">testLoginSuccess</span>
                  <div class="stack-trace">org.openqa.selenium.WebDriverException: Reached error page: about:neterror?e=connectionFailure&amp;u=http%3A//localhost%3A4200/&amp;c=UTF-8&amp;d=Firefox%20can%E2%80%99t%20establish%20a%20connection%20to%20the%20server%20at%20localhost%3A4200.
Build info: version: &apos;3.141.59&apos;, revision: &apos;e82be7d358&apos;, time: &apos;2018-11-14T08:17:03&apos;
System info: host: &apos;DESKTOP-M888G10&apos;, ip: &apos;192.168.1.40&apos;, os.name: &apos;Windows 10&apos;, os.arch: &apos;amd64&apos;, os.version: &apos;10.0&apos;, java.version: &apos;17.0.2&apos;
Driver info: org.openqa.selenium.firefox.FirefoxDriver
Capabilities {acceptInsecureCerts: true, browserName: firefox, browserVersion: 99.0.1, javascriptEnabled: true, moz:accessibilityChecks: false, moz:buildID: 20220411174855, moz:geckodriverVersion: 0.31.0, moz:headless: true, moz:processID: 21432, moz:profile: C:\Users\HP\AppData\Local\T..., moz:shutdownTimeout: 60000, moz:useNonSpecCompliantPointerOrigin: false, moz:webdriverClick: true, pageLoadStrategy: normal, platform: WINDOWS, platformName: WINDOWS, platformVersion: 10.0, proxy: Proxy(), setWindowRect: true, strictFileInteractability: false, timeouts: {implicit: 0, pageLoad: 300000, script: 30000}, unhandledPromptBehavior: dismiss and notify}
Session ID: 390432cf-b00a-4bbe-9771-f8ef40251fdf
	at org.openqa.selenium.remote.http.W3CHttpResponseCodec.createException(W3CHttpResponseCodec.java:187)
	at org.openqa.selenium.remote.http.W3CHttpResponseCodec.decode(W3CHttpResponseCodec.java:122)
	at org.openqa.selenium.remote.http.W3CHttpResponseCodec.decode(W3CHttpResponseCodec.java:49)
	at org.openqa.selenium.remote.HttpCommandExecutor.execute(HttpCommandExecutor.java:158)
	at org.openqa.selenium.remote.service.DriverCommandExecutor.execute(DriverCommandExecutor.java:83)
	at org.openqa.selenium.remote.RemoteWebDriver.execute(RemoteWebDriver.java:552)
	at org.openqa.selenium.remote.RemoteWebDriver.get(RemoteWebDriver.java:277)
	at org.yokekhei.fsd.capstone.selenium.BaseTests.accessPage(BaseTests.java:75)
	at org.yokekhei.fsd.capstone.selenium.UserLoginTests.testLoginSuccess(UserLoginTests.java:52)
	at java.base/java.util.concurrent.FutureTask.run(FutureTask.java:264)
	at java.base/java.util.concurrent.ThreadPoolExecutor.runWorker(ThreadPoolExecutor.java:1136)
	at java.base/java.util.concurrent.ThreadPoolExecutor$Worker.run(ThreadPoolExecutor.java:635)
	at java.base/java.lang.Thread.run(Thread.java:833)
... Removed 21 stack frames
</div> <!-- stack-trace -->
                </div> <!-- method-content -->
              </div> <!-- method -->
            </div> <!-- main-panel-content rounded-window-bottom -->
          </div> <!-- suite-Headless_Browser_Suite-class-failed -->
          <div class="suite-Headless_Browser_Suite-class-failed">
            <div class="main-panel-header rounded-window-top">
              <img src="failed.png"/>
              <span class="class-name">org.yokekhei.fsd.capstone.selenium.AdminCategoryTests</span>
            </div> <!-- main-panel-header rounded-window-top -->
            <div class="main-panel-content rounded-window-bottom">
              <div class="method">
                <div class="method-content">
                  <a name="launchBrowser(chrome headless)">
                  </a> <!-- launchBrowser(chrome headless) -->
                  <span class="method-name">launchBrowser</span>
                  <span class="parameters">(chrome headless)</span>
                  <div class="stack-trace">org.openqa.selenium.SessionNotCreatedException: session not created: This version of ChromeDriver only supports Chrome version 88
Current browser version is 100.0.4896.127 with binary path C:\Program Files (x86)\Google\Chrome\Application\chrome.exe
Build info: version: &apos;3.141.59&apos;, revision: &apos;e82be7d358&apos;, time: &apos;2018-11-14T08:17:03&apos;
System info: host: &apos;DESKTOP-M888G10&apos;, ip: &apos;192.168.1.40&apos;, os.name: &apos;Windows 10&apos;, os.arch: &apos;amd64&apos;, os.version: &apos;10.0&apos;, java.version: &apos;17.0.2&apos;
Driver info: driver.version: ChromeDriver
remote stacktrace: Backtrace:
	GetHandleVerifier [0x0010B963+483]
	GetHandleVerifier [0x0010B941+449]
	GetHandleVerifier [0x004B3308+3832712]
	GetHandleVerifier [0x004CD69A+3940122]
	GetHandleVerifier [0x004C9AFB+3924859]
	GetHandleVerifier [0x004C7D9C+3917340]
	GetHandleVerifier [0x004EE7FE+4075646]
	GetHandleVerifier [0x004EE56C+4074988]
	GetHandleVerifier [0x004EB2EB+4062059]
	GetHandleVerifier [0x004CED14+3945876]
	GetHandleVerifier [0x004CFBCE+3949646]
	GetHandleVerifier [0x004CFB59+3949529]
	Ordinal0 [0x000CB5CC+46540]
	Ordinal0 [0x000C9F53+40787]
	Ordinal0 [0x000C9B12+39698]
	GetHandleVerifier [0x003D1468+2907368]
	GetHandleVerifier [0x002171EE+1096302]
	GetHandleVerifier [0x001D3E8D+821005]
	GetHandleVerifier [0x001D396B+819691]
	GetHandleVerifier [0x001D3881+819457]
	GetHandleVerifier [0x001FF463+998627]
	BaseThreadInitThunk [0x76E3FA29+25]
	RtlGetAppContainerNamedObjectPath [0x771B7A7E+286]
	RtlGetAppContainerNamedObjectPath [0x771B7A4E+238]
	(No symbol) [0x00000000]

	at org.openqa.selenium.remote.W3CHandshakeResponse.lambda$errorHandler$0(W3CHandshakeResponse.java:62)
	at org.openqa.selenium.remote.HandshakeResponse.lambda$getResponseFunction$0(HandshakeResponse.java:30)
	at org.openqa.selenium.remote.ProtocolHandshake.lambda$createSession$0(ProtocolHandshake.java:126)
	at java.base/java.util.stream.ReferencePipeline$3$1.accept(ReferencePipeline.java:197)
	at java.base/java.util.Spliterators$ArraySpliterator.tryAdvance(Spliterators.java:1002)
	at java.base/java.util.stream.ReferencePipeline.forEachWithCancel(ReferencePipeline.java:129)
	at java.base/java.util.stream.AbstractPipeline.copyIntoWithCancel(AbstractPipeline.java:527)
	at java.base/java.util.stream.AbstractPipeline.copyInto(AbstractPipeline.java:513)
	at java.base/java.util.stream.AbstractPipeline.wrapAndCopyInto(AbstractPipeline.java:499)
	at java.base/java.util.stream.FindOps$FindOp.evaluateSequential(FindOps.java:150)
	at java.base/java.util.stream.AbstractPipeline.evaluate(AbstractPipeline.java:234)
	at java.base/java.util.stream.ReferencePipeline.findFirst(ReferencePipeline.java:647)
	at org.openqa.selenium.remote.ProtocolHandshake.createSession(ProtocolHandshake.java:128)
	at org.openqa.selenium.remote.ProtocolHandshake.createSession(ProtocolHandshake.java:74)
	at org.openqa.selenium.remote.HttpCommandExecutor.execute(HttpCommandExecutor.java:136)
	at org.openqa.selenium.remote.service.DriverCommandExecutor.execute(DriverCommandExecutor.java:83)
	at org.openqa.selenium.remote.RemoteWebDriver.execute(RemoteWebDriver.java:552)
	at org.openqa.selenium.remote.RemoteWebDriver.startSession(RemoteWebDriver.java:213)
	at org.openqa.selenium.remote.RemoteWebDriver.&lt;init&gt;(RemoteWebDriver.java:131)
	at org.openqa.selenium.chrome.ChromeDriver.&lt;init&gt;(ChromeDriver.java:181)
	at org.openqa.selenium.chrome.ChromeDriver.&lt;init&gt;(ChromeDriver.java:168)
	at org.openqa.selenium.chrome.ChromeDriver.&lt;init&gt;(ChromeDriver.java:157)
	at org.yokekhei.fsd.capstone.selenium.BaseTests.launchBrowser(BaseTests.java:45)
	at java.base/java.util.concurrent.FutureTask.run(FutureTask.java:264)
	at java.base/java.util.concurrent.ThreadPoolExecutor.runWorker(ThreadPoolExecutor.java:1136)
	at java.base/java.util.concurrent.ThreadPoolExecutor$Worker.run(ThreadPoolExecutor.java:635)
	at java.base/java.lang.Thread.run(Thread.java:833)
... Removed 21 stack frames
</div> <!-- stack-trace -->
                </div> <!-- method-content -->
              </div> <!-- method -->
              <div class="method">
                <div class="method-content">
                  <a name="testListCategorySuccess">
                  </a> <!-- testListCategorySuccess -->
                  <span class="method-name">testListCategorySuccess</span>
                  <div class="stack-trace">org.openqa.selenium.WebDriverException: Reached error page: about:neterror?e=connectionFailure&amp;u=http%3A//localhost%3A4200/admin&amp;c=UTF-8&amp;d=Firefox%20can%E2%80%99t%20establish%20a%20connection%20to%20the%20server%20at%20localhost%3A4200.
Build info: version: &apos;3.141.59&apos;, revision: &apos;e82be7d358&apos;, time: &apos;2018-11-14T08:17:03&apos;
System info: host: &apos;DESKTOP-M888G10&apos;, ip: &apos;192.168.1.40&apos;, os.name: &apos;Windows 10&apos;, os.arch: &apos;amd64&apos;, os.version: &apos;10.0&apos;, java.version: &apos;17.0.2&apos;
Driver info: org.openqa.selenium.firefox.FirefoxDriver
Capabilities {acceptInsecureCerts: true, browserName: firefox, browserVersion: 99.0.1, javascriptEnabled: true, moz:accessibilityChecks: false, moz:buildID: 20220411174855, moz:geckodriverVersion: 0.31.0, moz:headless: true, moz:processID: 6672, moz:profile: C:\Users\HP\AppData\Local\T..., moz:shutdownTimeout: 60000, moz:useNonSpecCompliantPointerOrigin: false, moz:webdriverClick: true, pageLoadStrategy: normal, platform: WINDOWS, platformName: WINDOWS, platformVersion: 10.0, proxy: Proxy(), setWindowRect: true, strictFileInteractability: false, timeouts: {implicit: 0, pageLoad: 300000, script: 30000}, unhandledPromptBehavior: dismiss and notify}
Session ID: 5f828c08-3b9a-4db9-8775-b0e839042da0
	at org.openqa.selenium.remote.http.W3CHttpResponseCodec.createException(W3CHttpResponseCodec.java:187)
	at org.openqa.selenium.remote.http.W3CHttpResponseCodec.decode(W3CHttpResponseCodec.java:122)
	at org.openqa.selenium.remote.http.W3CHttpResponseCodec.decode(W3CHttpResponseCodec.java:49)
	at org.openqa.selenium.remote.HttpCommandExecutor.execute(HttpCommandExecutor.java:158)
	at org.openqa.selenium.remote.service.DriverCommandExecutor.execute(DriverCommandExecutor.java:83)
	at org.openqa.selenium.remote.RemoteWebDriver.execute(RemoteWebDriver.java:552)
	at org.openqa.selenium.remote.RemoteWebDriver.get(RemoteWebDriver.java:277)
	at org.yokekhei.fsd.capstone.selenium.BaseTests.accessPage(BaseTests.java:75)
	at org.yokekhei.fsd.capstone.selenium.AdminCategoryTests.testListCategorySuccess(AdminCategoryTests.java:18)
	at java.base/java.util.concurrent.FutureTask.run(FutureTask.java:264)
	at java.base/java.util.concurrent.ThreadPoolExecutor.runWorker(ThreadPoolExecutor.java:1136)
	at java.base/java.util.concurrent.ThreadPoolExecutor$Worker.run(ThreadPoolExecutor.java:635)
	at java.base/java.lang.Thread.run(Thread.java:833)
... Removed 21 stack frames
</div> <!-- stack-trace -->
                </div> <!-- method-content -->
              </div> <!-- method -->
            </div> <!-- main-panel-content rounded-window-bottom -->
          </div> <!-- suite-Headless_Browser_Suite-class-failed -->
          <div class="suite-Headless_Browser_Suite-class-failed">
            <div class="main-panel-header rounded-window-top">
              <img src="failed.png"/>
              <span class="class-name">org.yokekhei.fsd.capstone.selenium.AdminLoginTests</span>
            </div> <!-- main-panel-header rounded-window-top -->
            <div class="main-panel-content rounded-window-bottom">
              <div class="method">
                <div class="method-content">
                  <a name="launchBrowser(chrome headless)">
                  </a> <!-- launchBrowser(chrome headless) -->
                  <span class="method-name">launchBrowser</span>
                  <span class="parameters">(chrome headless)</span>
                  <div class="stack-trace">org.openqa.selenium.SessionNotCreatedException: session not created: This version of ChromeDriver only supports Chrome version 88
Current browser version is 100.0.4896.127 with binary path C:\Program Files (x86)\Google\Chrome\Application\chrome.exe
Build info: version: &apos;3.141.59&apos;, revision: &apos;e82be7d358&apos;, time: &apos;2018-11-14T08:17:03&apos;
System info: host: &apos;DESKTOP-M888G10&apos;, ip: &apos;192.168.1.40&apos;, os.name: &apos;Windows 10&apos;, os.arch: &apos;amd64&apos;, os.version: &apos;10.0&apos;, java.version: &apos;17.0.2&apos;
Driver info: driver.version: ChromeDriver
remote stacktrace: Backtrace:
	GetHandleVerifier [0x0010B963+483]
	GetHandleVerifier [0x0010B941+449]
	GetHandleVerifier [0x004B3308+3832712]
	GetHandleVerifier [0x004CD69A+3940122]
	GetHandleVerifier [0x004C9AFB+3924859]
	GetHandleVerifier [0x004C7D9C+3917340]
	GetHandleVerifier [0x004EE7FE+4075646]
	GetHandleVerifier [0x004EE56C+4074988]
	GetHandleVerifier [0x004EB2EB+4062059]
	GetHandleVerifier [0x004CED14+3945876]
	GetHandleVerifier [0x004CFBCE+3949646]
	GetHandleVerifier [0x004CFB59+3949529]
	Ordinal0 [0x000CB5CC+46540]
	Ordinal0 [0x000C9F53+40787]
	Ordinal0 [0x000C9B12+39698]
	GetHandleVerifier [0x003D1468+2907368]
	GetHandleVerifier [0x002171EE+1096302]
	GetHandleVerifier [0x001D3E8D+821005]
	GetHandleVerifier [0x001D396B+819691]
	GetHandleVerifier [0x001D3881+819457]
	GetHandleVerifier [0x001FF463+998627]
	BaseThreadInitThunk [0x76E3FA29+25]
	RtlGetAppContainerNamedObjectPath [0x771B7A7E+286]
	RtlGetAppContainerNamedObjectPath [0x771B7A4E+238]
	(No symbol) [0x00000000]

	at org.openqa.selenium.remote.W3CHandshakeResponse.lambda$errorHandler$0(W3CHandshakeResponse.java:62)
	at org.openqa.selenium.remote.HandshakeResponse.lambda$getResponseFunction$0(HandshakeResponse.java:30)
	at org.openqa.selenium.remote.ProtocolHandshake.lambda$createSession$0(ProtocolHandshake.java:126)
	at java.base/java.util.stream.ReferencePipeline$3$1.accept(ReferencePipeline.java:197)
	at java.base/java.util.Spliterators$ArraySpliterator.tryAdvance(Spliterators.java:1002)
	at java.base/java.util.stream.ReferencePipeline.forEachWithCancel(ReferencePipeline.java:129)
	at java.base/java.util.stream.AbstractPipeline.copyIntoWithCancel(AbstractPipeline.java:527)
	at java.base/java.util.stream.AbstractPipeline.copyInto(AbstractPipeline.java:513)
	at java.base/java.util.stream.AbstractPipeline.wrapAndCopyInto(AbstractPipeline.java:499)
	at java.base/java.util.stream.FindOps$FindOp.evaluateSequential(FindOps.java:150)
	at java.base/java.util.stream.AbstractPipeline.evaluate(AbstractPipeline.java:234)
	at java.base/java.util.stream.ReferencePipeline.findFirst(ReferencePipeline.java:647)
	at org.openqa.selenium.remote.ProtocolHandshake.createSession(ProtocolHandshake.java:128)
	at org.openqa.selenium.remote.ProtocolHandshake.createSession(ProtocolHandshake.java:74)
	at org.openqa.selenium.remote.HttpCommandExecutor.execute(HttpCommandExecutor.java:136)
	at org.openqa.selenium.remote.service.DriverCommandExecutor.execute(DriverCommandExecutor.java:83)
	at org.openqa.selenium.remote.RemoteWebDriver.execute(RemoteWebDriver.java:552)
	at org.openqa.selenium.remote.RemoteWebDriver.startSession(RemoteWebDriver.java:213)
	at org.openqa.selenium.remote.RemoteWebDriver.&lt;init&gt;(RemoteWebDriver.java:131)
	at org.openqa.selenium.chrome.ChromeDriver.&lt;init&gt;(ChromeDriver.java:181)
	at org.openqa.selenium.chrome.ChromeDriver.&lt;init&gt;(ChromeDriver.java:168)
	at org.openqa.selenium.chrome.ChromeDriver.&lt;init&gt;(ChromeDriver.java:157)
	at org.yokekhei.fsd.capstone.selenium.BaseTests.launchBrowser(BaseTests.java:45)
	at java.base/java.util.concurrent.FutureTask.run(FutureTask.java:264)
	at java.base/java.util.concurrent.ThreadPoolExecutor.runWorker(ThreadPoolExecutor.java:1136)
	at java.base/java.util.concurrent.ThreadPoolExecutor$Worker.run(ThreadPoolExecutor.java:635)
	at java.base/java.lang.Thread.run(Thread.java:833)
... Removed 21 stack frames
</div> <!-- stack-trace -->
                </div> <!-- method-content -->
              </div> <!-- method -->
              <div class="method">
                <div class="method-content">
                  <a name="testLoginSuccess">
                  </a> <!-- testLoginSuccess -->
                  <span class="method-name">testLoginSuccess</span>
                  <div class="stack-trace">org.openqa.selenium.WebDriverException: Reached error page: about:neterror?e=connectionFailure&amp;u=http%3A//localhost%3A4200/admin&amp;c=UTF-8&amp;d=Firefox%20can%E2%80%99t%20establish%20a%20connection%20to%20the%20server%20at%20localhost%3A4200.
Build info: version: &apos;3.141.59&apos;, revision: &apos;e82be7d358&apos;, time: &apos;2018-11-14T08:17:03&apos;
System info: host: &apos;DESKTOP-M888G10&apos;, ip: &apos;192.168.1.40&apos;, os.name: &apos;Windows 10&apos;, os.arch: &apos;amd64&apos;, os.version: &apos;10.0&apos;, java.version: &apos;17.0.2&apos;
Driver info: org.openqa.selenium.firefox.FirefoxDriver
Capabilities {acceptInsecureCerts: true, browserName: firefox, browserVersion: 99.0.1, javascriptEnabled: true, moz:accessibilityChecks: false, moz:buildID: 20220411174855, moz:geckodriverVersion: 0.31.0, moz:headless: true, moz:processID: 21188, moz:profile: C:\Users\HP\AppData\Local\T..., moz:shutdownTimeout: 60000, moz:useNonSpecCompliantPointerOrigin: false, moz:webdriverClick: true, pageLoadStrategy: normal, platform: WINDOWS, platformName: WINDOWS, platformVersion: 10.0, proxy: Proxy(), setWindowRect: true, strictFileInteractability: false, timeouts: {implicit: 0, pageLoad: 300000, script: 30000}, unhandledPromptBehavior: dismiss and notify}
Session ID: 63b38efc-2050-48a6-b2c8-8c7fb4f90a49
	at org.openqa.selenium.remote.http.W3CHttpResponseCodec.createException(W3CHttpResponseCodec.java:187)
	at org.openqa.selenium.remote.http.W3CHttpResponseCodec.decode(W3CHttpResponseCodec.java:122)
	at org.openqa.selenium.remote.http.W3CHttpResponseCodec.decode(W3CHttpResponseCodec.java:49)
	at org.openqa.selenium.remote.HttpCommandExecutor.execute(HttpCommandExecutor.java:158)
	at org.openqa.selenium.remote.service.DriverCommandExecutor.execute(DriverCommandExecutor.java:83)
	at org.openqa.selenium.remote.RemoteWebDriver.execute(RemoteWebDriver.java:552)
	at org.openqa.selenium.remote.RemoteWebDriver.get(RemoteWebDriver.java:277)
	at org.yokekhei.fsd.capstone.selenium.BaseTests.accessPage(BaseTests.java:75)
	at org.yokekhei.fsd.capstone.selenium.AdminLoginTests.testLoginSuccess(AdminLoginTests.java:17)
	at java.base/java.util.concurrent.FutureTask.run(FutureTask.java:264)
	at java.base/java.util.concurrent.ThreadPoolExecutor.runWorker(ThreadPoolExecutor.java:1136)
	at java.base/java.util.concurrent.ThreadPoolExecutor$Worker.run(ThreadPoolExecutor.java:635)
	at java.base/java.lang.Thread.run(Thread.java:833)
... Removed 21 stack frames
</div> <!-- stack-trace -->
                </div> <!-- method-content -->
              </div> <!-- method -->
            </div> <!-- main-panel-content rounded-window-bottom -->
          </div> <!-- suite-Headless_Browser_Suite-class-failed -->
          <div class="suite-Headless_Browser_Suite-class-failed">
            <div class="main-panel-header rounded-window-top">
              <img src="failed.png"/>
              <span class="class-name">org.yokekhei.fsd.capstone.selenium.UserLogoutTests</span>
            </div> <!-- main-panel-header rounded-window-top -->
            <div class="main-panel-content rounded-window-bottom">
              <div class="method">
                <div class="method-content">
                  <a name="launchBrowser(chrome headless)">
                  </a> <!-- launchBrowser(chrome headless) -->
                  <span class="method-name">launchBrowser</span>
                  <span class="parameters">(chrome headless)</span>
                  <div class="stack-trace">org.openqa.selenium.SessionNotCreatedException: session not created: This version of ChromeDriver only supports Chrome version 88
Current browser version is 100.0.4896.127 with binary path C:\Program Files (x86)\Google\Chrome\Application\chrome.exe
Build info: version: &apos;3.141.59&apos;, revision: &apos;e82be7d358&apos;, time: &apos;2018-11-14T08:17:03&apos;
System info: host: &apos;DESKTOP-M888G10&apos;, ip: &apos;192.168.1.40&apos;, os.name: &apos;Windows 10&apos;, os.arch: &apos;amd64&apos;, os.version: &apos;10.0&apos;, java.version: &apos;17.0.2&apos;
Driver info: driver.version: ChromeDriver
remote stacktrace: Backtrace:
	GetHandleVerifier [0x0010B963+483]
	GetHandleVerifier [0x0010B941+449]
	GetHandleVerifier [0x004B3308+3832712]
	GetHandleVerifier [0x004CD69A+3940122]
	GetHandleVerifier [0x004C9AFB+3924859]
	GetHandleVerifier [0x004C7D9C+3917340]
	GetHandleVerifier [0x004EE7FE+4075646]
	GetHandleVerifier [0x004EE56C+4074988]
	GetHandleVerifier [0x004EB2EB+4062059]
	GetHandleVerifier [0x004CED14+3945876]
	GetHandleVerifier [0x004CFBCE+3949646]
	GetHandleVerifier [0x004CFB59+3949529]
	Ordinal0 [0x000CB5CC+46540]
	Ordinal0 [0x000C9F53+40787]
	Ordinal0 [0x000C9B12+39698]
	GetHandleVerifier [0x003D1468+2907368]
	GetHandleVerifier [0x002171EE+1096302]
	GetHandleVerifier [0x001D3E8D+821005]
	GetHandleVerifier [0x001D396B+819691]
	GetHandleVerifier [0x001D3881+819457]
	GetHandleVerifier [0x001FF463+998627]
	BaseThreadInitThunk [0x76E3FA29+25]
	RtlGetAppContainerNamedObjectPath [0x771B7A7E+286]
	RtlGetAppContainerNamedObjectPath [0x771B7A4E+238]
	(No symbol) [0x00000000]

	at org.openqa.selenium.remote.W3CHandshakeResponse.lambda$errorHandler$0(W3CHandshakeResponse.java:62)
	at org.openqa.selenium.remote.HandshakeResponse.lambda$getResponseFunction$0(HandshakeResponse.java:30)
	at org.openqa.selenium.remote.ProtocolHandshake.lambda$createSession$0(ProtocolHandshake.java:126)
	at java.base/java.util.stream.ReferencePipeline$3$1.accept(ReferencePipeline.java:197)
	at java.base/java.util.Spliterators$ArraySpliterator.tryAdvance(Spliterators.java:1002)
	at java.base/java.util.stream.ReferencePipeline.forEachWithCancel(ReferencePipeline.java:129)
	at java.base/java.util.stream.AbstractPipeline.copyIntoWithCancel(AbstractPipeline.java:527)
	at java.base/java.util.stream.AbstractPipeline.copyInto(AbstractPipeline.java:513)
	at java.base/java.util.stream.AbstractPipeline.wrapAndCopyInto(AbstractPipeline.java:499)
	at java.base/java.util.stream.FindOps$FindOp.evaluateSequential(FindOps.java:150)
	at java.base/java.util.stream.AbstractPipeline.evaluate(AbstractPipeline.java:234)
	at java.base/java.util.stream.ReferencePipeline.findFirst(ReferencePipeline.java:647)
	at org.openqa.selenium.remote.ProtocolHandshake.createSession(ProtocolHandshake.java:128)
	at org.openqa.selenium.remote.ProtocolHandshake.createSession(ProtocolHandshake.java:74)
	at org.openqa.selenium.remote.HttpCommandExecutor.execute(HttpCommandExecutor.java:136)
	at org.openqa.selenium.remote.service.DriverCommandExecutor.execute(DriverCommandExecutor.java:83)
	at org.openqa.selenium.remote.RemoteWebDriver.execute(RemoteWebDriver.java:552)
	at org.openqa.selenium.remote.RemoteWebDriver.startSession(RemoteWebDriver.java:213)
	at org.openqa.selenium.remote.RemoteWebDriver.&lt;init&gt;(RemoteWebDriver.java:131)
	at org.openqa.selenium.chrome.ChromeDriver.&lt;init&gt;(ChromeDriver.java:181)
	at org.openqa.selenium.chrome.ChromeDriver.&lt;init&gt;(ChromeDriver.java:168)
	at org.openqa.selenium.chrome.ChromeDriver.&lt;init&gt;(ChromeDriver.java:157)
	at org.yokekhei.fsd.capstone.selenium.BaseTests.launchBrowser(BaseTests.java:45)
	at java.base/java.util.concurrent.FutureTask.run(FutureTask.java:264)
	at java.base/java.util.concurrent.ThreadPoolExecutor.runWorker(ThreadPoolExecutor.java:1136)
	at java.base/java.util.concurrent.ThreadPoolExecutor$Worker.run(ThreadPoolExecutor.java:635)
	at java.base/java.lang.Thread.run(Thread.java:833)
... Removed 21 stack frames
</div> <!-- stack-trace -->
                </div> <!-- method-content -->
              </div> <!-- method -->
            </div> <!-- main-panel-content rounded-window-bottom -->
          </div> <!-- suite-Headless_Browser_Suite-class-failed -->
          <div class="suite-Headless_Browser_Suite-class-skipped">
            <div class="main-panel-header rounded-window-top">
              <img src="skipped.png"/>
              <span class="class-name">org.yokekhei.fsd.capstone.selenium.UserRegisterTests</span>
            </div> <!-- main-panel-header rounded-window-top -->
            <div class="main-panel-content rounded-window-bottom">
              <div class="method">
                <div class="method-content">
                  <a name="testRegisterSuccess">
                  </a> <!-- testRegisterSuccess -->
                  <span class="method-name">testRegisterSuccess</span>
                  <div class="stack-trace">java.lang.Throwable: Method UserRegisterTests.testRegisterSuccess(java.lang.String)[pri:0, instance:org.yokekhei.fsd.capstone.selenium.UserRegisterTests@436c81a3] depends on not successfully finished methods
	at java.base/java.util.concurrent.FutureTask.run(FutureTask.java:264)
	at java.base/java.util.concurrent.ThreadPoolExecutor.runWorker(ThreadPoolExecutor.java:1136)
	at java.base/java.util.concurrent.ThreadPoolExecutor$Worker.run(ThreadPoolExecutor.java:635)
	at java.base/java.lang.Thread.run(Thread.java:833)
... Removed 9 stack frames
</div> <!-- stack-trace -->
                </div> <!-- method-content -->
              </div> <!-- method -->
            </div> <!-- main-panel-content rounded-window-bottom -->
          </div> <!-- suite-Headless_Browser_Suite-class-skipped -->
          <div class="suite-Headless_Browser_Suite-class-skipped">
            <div class="main-panel-header rounded-window-top">
              <img src="skipped.png"/>
              <span class="class-name">org.yokekhei.fsd.capstone.selenium.UserCategoryTests</span>
            </div> <!-- main-panel-header rounded-window-top -->
            <div class="main-panel-content rounded-window-bottom">
              <div class="method">
                <div class="method-content">
                  <a name="testCategoryCatalogSuccess">
                  </a> <!-- testCategoryCatalogSuccess -->
                  <span class="method-name">testCategoryCatalogSuccess</span>
                  <div class="stack-trace">java.lang.Throwable: Method UserCategoryTests.testCategoryCatalogSuccess(java.lang.String)[pri:0, instance:org.yokekhei.fsd.capstone.selenium.UserCategoryTests@6e005dc9] depends on not successfully finished methods
	at java.base/java.util.concurrent.FutureTask.run(FutureTask.java:264)
	at java.base/java.util.concurrent.ThreadPoolExecutor.runWorker(ThreadPoolExecutor.java:1136)
	at java.base/java.util.concurrent.ThreadPoolExecutor$Worker.run(ThreadPoolExecutor.java:635)
	at java.base/java.lang.Thread.run(Thread.java:833)
... Removed 9 stack frames
</div> <!-- stack-trace -->
                </div> <!-- method-content -->
              </div> <!-- method -->
            </div> <!-- main-panel-content rounded-window-bottom -->
          </div> <!-- suite-Headless_Browser_Suite-class-skipped -->
          <div class="suite-Headless_Browser_Suite-class-skipped">
            <div class="main-panel-header rounded-window-top">
              <img src="skipped.png"/>
              <span class="class-name">org.yokekhei.fsd.capstone.selenium.AdminCategoryTests</span>
            </div> <!-- main-panel-header rounded-window-top -->
            <div class="main-panel-content rounded-window-bottom">
              <div class="method">
                <div class="method-content">
                  <a name="testListCategorySuccess">
                  </a> <!-- testListCategorySuccess -->
                  <span class="method-name">testListCategorySuccess</span>
                  <div class="stack-trace">java.lang.Throwable: Method AdminCategoryTests.testListCategorySuccess()[pri:0, instance:org.yokekhei.fsd.capstone.selenium.AdminCategoryTests@7c214cc0] depends on not successfully finished methods
	at java.base/java.util.concurrent.FutureTask.run(FutureTask.java:264)
	at java.base/java.util.concurrent.ThreadPoolExecutor.runWorker(ThreadPoolExecutor.java:1136)
	at java.base/java.util.concurrent.ThreadPoolExecutor$Worker.run(ThreadPoolExecutor.java:635)
	at java.base/java.lang.Thread.run(Thread.java:833)
... Removed 9 stack frames
</div> <!-- stack-trace -->
                </div> <!-- method-content -->
              </div> <!-- method -->
            </div> <!-- main-panel-content rounded-window-bottom -->
          </div> <!-- suite-Headless_Browser_Suite-class-skipped -->
          <div class="suite-Headless_Browser_Suite-class-skipped">
            <div class="main-panel-header rounded-window-top">
              <img src="skipped.png"/>
              <span class="class-name">org.yokekhei.fsd.capstone.selenium.AdminLoginTests</span>
            </div> <!-- main-panel-header rounded-window-top -->
            <div class="main-panel-content rounded-window-bottom">
              <div class="method">
                <div class="method-content">
                  <a name="testLoginSuccess">
                  </a> <!-- testLoginSuccess -->
                  <span class="method-name">testLoginSuccess</span>
                  <div class="stack-trace">java.lang.Throwable: Method AdminLoginTests.testLoginSuccess()[pri:0, instance:org.yokekhei.fsd.capstone.selenium.AdminLoginTests@3561c410] depends on not successfully finished methods
	at java.base/java.util.concurrent.FutureTask.run(FutureTask.java:264)
	at java.base/java.util.concurrent.ThreadPoolExecutor.runWorker(ThreadPoolExecutor.java:1136)
	at java.base/java.util.concurrent.ThreadPoolExecutor$Worker.run(ThreadPoolExecutor.java:635)
	at java.base/java.lang.Thread.run(Thread.java:833)
... Removed 9 stack frames
</div> <!-- stack-trace -->
                </div> <!-- method-content -->
              </div> <!-- method -->
            </div> <!-- main-panel-content rounded-window-bottom -->
          </div> <!-- suite-Headless_Browser_Suite-class-skipped -->
          <div class="suite-Headless_Browser_Suite-class-passed">
            <div class="main-panel-header rounded-window-top">
              <img src="passed.png"/>
              <span class="class-name">org.yokekhei.fsd.capstone.selenium.UserRegisterTests</span>
            </div> <!-- main-panel-header rounded-window-top -->
            <div class="main-panel-content rounded-window-bottom">
              <div class="method">
                <div class="method-content">
                  <a name="launchBrowser(firefox headless)">
                  </a> <!-- launchBrowser(firefox headless) -->
                  <span class="method-name">launchBrowser</span>
                  <span class="parameters">(firefox headless)</span>
                </div> <!-- method-content -->
              </div> <!-- method -->
            </div> <!-- main-panel-content rounded-window-bottom -->
          </div> <!-- suite-Headless_Browser_Suite-class-passed -->
          <div class="suite-Headless_Browser_Suite-class-passed">
            <div class="main-panel-header rounded-window-top">
              <img src="passed.png"/>
              <span class="class-name">org.yokekhei.fsd.capstone.selenium.UserCategoryTests</span>
            </div> <!-- main-panel-header rounded-window-top -->
            <div class="main-panel-content rounded-window-bottom">
              <div class="method">
                <div class="method-content">
                  <a name="launchBrowser(firefox headless)">
                  </a> <!-- launchBrowser(firefox headless) -->
                  <span class="method-name">launchBrowser</span>
                  <span class="parameters">(firefox headless)</span>
                </div> <!-- method-content -->
              </div> <!-- method -->
            </div> <!-- main-panel-content rounded-window-bottom -->
          </div> <!-- suite-Headless_Browser_Suite-class-passed -->
          <div class="suite-Headless_Browser_Suite-class-passed">
            <div class="main-panel-header rounded-window-top">
              <img src="passed.png"/>
              <span class="class-name">org.yokekhei.fsd.capstone.selenium.AdminLogoutTests</span>
            </div> <!-- main-panel-header rounded-window-top -->
            <div class="main-panel-content rounded-window-bottom">
              <div class="method">
                <div class="method-content">
                  <a name="launchBrowser(firefox headless)">
                  </a> <!-- launchBrowser(firefox headless) -->
                  <span class="method-name">launchBrowser</span>
                  <span class="parameters">(firefox headless)</span>
                </div> <!-- method-content -->
              </div> <!-- method -->
            </div> <!-- main-panel-content rounded-window-bottom -->
          </div> <!-- suite-Headless_Browser_Suite-class-passed -->
          <div class="suite-Headless_Browser_Suite-class-passed">
            <div class="main-panel-header rounded-window-top">
              <img src="passed.png"/>
              <span class="class-name">org.yokekhei.fsd.capstone.selenium.UserLoginTests</span>
            </div> <!-- main-panel-header rounded-window-top -->
            <div class="main-panel-content rounded-window-bottom">
              <div class="method">
                <div class="method-content">
                  <a name="launchBrowser(firefox headless)">
                  </a> <!-- launchBrowser(firefox headless) -->
                  <span class="method-name">launchBrowser</span>
                  <span class="parameters">(firefox headless)</span>
                </div> <!-- method-content -->
              </div> <!-- method -->
            </div> <!-- main-panel-content rounded-window-bottom -->
          </div> <!-- suite-Headless_Browser_Suite-class-passed -->
          <div class="suite-Headless_Browser_Suite-class-passed">
            <div class="main-panel-header rounded-window-top">
              <img src="passed.png"/>
              <span class="class-name">org.yokekhei.fsd.capstone.selenium.AdminCategoryTests</span>
            </div> <!-- main-panel-header rounded-window-top -->
            <div class="main-panel-content rounded-window-bottom">
              <div class="method">
                <div class="method-content">
                  <a name="launchBrowser(firefox headless)">
                  </a> <!-- launchBrowser(firefox headless) -->
                  <span class="method-name">launchBrowser</span>
                  <span class="parameters">(firefox headless)</span>
                </div> <!-- method-content -->
              </div> <!-- method -->
            </div> <!-- main-panel-content rounded-window-bottom -->
          </div> <!-- suite-Headless_Browser_Suite-class-passed -->
          <div class="suite-Headless_Browser_Suite-class-passed">
            <div class="main-panel-header rounded-window-top">
              <img src="passed.png"/>
              <span class="class-name">org.yokekhei.fsd.capstone.selenium.AdminLoginTests</span>
            </div> <!-- main-panel-header rounded-window-top -->
            <div class="main-panel-content rounded-window-bottom">
              <div class="method">
                <div class="method-content">
                  <a name="launchBrowser(firefox headless)">
                  </a> <!-- launchBrowser(firefox headless) -->
                  <span class="method-name">launchBrowser</span>
                  <span class="parameters">(firefox headless)</span>
                </div> <!-- method-content -->
              </div> <!-- method -->
            </div> <!-- main-panel-content rounded-window-bottom -->
          </div> <!-- suite-Headless_Browser_Suite-class-passed -->
          <div class="suite-Headless_Browser_Suite-class-passed">
            <div class="main-panel-header rounded-window-top">
              <img src="passed.png"/>
              <span class="class-name">org.yokekhei.fsd.capstone.selenium.UserLogoutTests</span>
            </div> <!-- main-panel-header rounded-window-top -->
            <div class="main-panel-content rounded-window-bottom">
              <div class="method">
                <div class="method-content">
                  <a name="launchBrowser(firefox headless)">
                  </a> <!-- launchBrowser(firefox headless) -->
                  <span class="method-name">launchBrowser</span>
                  <span class="parameters">(firefox headless)</span>
                </div> <!-- method-content -->
              </div> <!-- method -->
            </div> <!-- main-panel-content rounded-window-bottom -->
          </div> <!-- suite-Headless_Browser_Suite-class-passed -->
        </div> <!-- panel Headless_Browser_Suite -->
        <div panel-name="test-xml-Headless_Browser_Suite" class="panel">
          <div class="main-panel-header rounded-window-top">
            <span class="header-content">C:\Users\HP\Downloads\myjavaproject-master\myjavaproject-master\Capstone-Project\foodBox\selenium\testng.xml</span>
          </div> <!-- main-panel-header rounded-window-top -->
          <div class="main-panel-content rounded-window-bottom">
            <pre>
&lt;?xml version=&quot;1.0&quot; encoding=&quot;UTF-8&quot;?&gt;
&lt;!DOCTYPE suite SYSTEM &quot;http://testng.org/testng-1.0.dtd&quot;&gt;
&lt;suite parallel=&quot;tests&quot; name=&quot;Headless Browser Suite&quot; guice-stage=&quot;DEVELOPMENT&quot;&gt;
  &lt;test thread-count=&quot;5&quot; parallel=&quot;tests&quot; name=&quot;Chrome Testing&quot;&gt;
    &lt;parameter name=&quot;browserType&quot; value=&quot;chrome headless&quot;/&gt;
    &lt;classes&gt;
      &lt;class name=&quot;org.yokekhei.fsd.capstone.selenium.UserCategoryTests&quot;/&gt;
      &lt;class name=&quot;org.yokekhei.fsd.capstone.selenium.UserLogoutTests&quot;/&gt;
      &lt;class name=&quot;org.yokekhei.fsd.capstone.selenium.UserRegisterTests&quot;/&gt;
      &lt;class name=&quot;org.yokekhei.fsd.capstone.selenium.AdminLoginTests&quot;/&gt;
      &lt;class name=&quot;org.yokekhei.fsd.capstone.selenium.AdminLogoutTests&quot;/&gt;
      &lt;class name=&quot;org.yokekhei.fsd.capstone.selenium.AdminCategoryTests&quot;/&gt;
    &lt;/classes&gt;
  &lt;/test&gt; &lt;!-- Chrome Testing --&gt;
  &lt;test thread-count=&quot;5&quot; parallel=&quot;tests&quot; name=&quot;Firefox Testing&quot;&gt;
    &lt;parameter name=&quot;browserType&quot; value=&quot;firefox headless&quot;/&gt;
    &lt;classes&gt;
      &lt;class name=&quot;org.yokekhei.fsd.capstone.selenium.UserCategoryTests&quot;/&gt;
      &lt;class name=&quot;org.yokekhei.fsd.capstone.selenium.UserLoginTests&quot;/&gt;
      &lt;class name=&quot;org.yokekhei.fsd.capstone.selenium.UserLogoutTests&quot;/&gt;
      &lt;class name=&quot;org.yokekhei.fsd.capstone.selenium.UserRegisterTests&quot;/&gt;
      &lt;class name=&quot;org.yokekhei.fsd.capstone.selenium.AdminLoginTests&quot;/&gt;
      &lt;class name=&quot;org.yokekhei.fsd.capstone.selenium.AdminLogoutTests&quot;/&gt;
      &lt;class name=&quot;org.yokekhei.fsd.capstone.selenium.AdminCategoryTests&quot;/&gt;
    &lt;/classes&gt;
  &lt;/test&gt; &lt;!-- Firefox Testing --&gt;
&lt;/suite&gt; &lt;!-- Headless Browser Suite --&gt;
            </pre>
          </div> <!-- main-panel-content rounded-window-bottom -->
        </div> <!-- panel -->
        <div panel-name="testlist-Headless_Browser_Suite" class="panel">
          <div class="main-panel-header rounded-window-top">
            <span class="header-content">Tests for Headless Browser Suite</span>
          </div> <!-- main-panel-header rounded-window-top -->
          <div class="main-panel-content rounded-window-bottom">
            <ul>
              <li>
                <span class="test-name">Chrome Testing (6 classes)</span>
              </li>
              <li>
                <span class="test-name">Firefox Testing (7 classes)</span>
              </li>
            </ul>
          </div> <!-- main-panel-content rounded-window-bottom -->
        </div> <!-- panel -->
        <div panel-name="group-Headless_Browser_Suite" class="panel">
          <div class="main-panel-header rounded-window-top">
            <span class="header-content">Groups for Headless Browser Suite</span>
          </div> <!-- main-panel-header rounded-window-top -->
          <div class="main-panel-content rounded-window-bottom">
          </div> <!-- main-panel-content rounded-window-bottom -->
        </div> <!-- panel -->
        <div panel-name="times-Headless_Browser_Suite" class="panel">
          <div class="main-panel-header rounded-window-top">
            <span class="header-content">Times for Headless Browser Suite</span>
          </div> <!-- main-panel-header rounded-window-top -->
          <div class="main-panel-content rounded-window-bottom">
            <div class="times-div">
              <script type="text/javascript">
suiteTableInitFunctions.push('tableData_Headless_Browser_Suite');
function tableData_Headless_Browser_Suite() {
var data = new google.visualization.DataTable();
data.addColumn('number', 'Number');
data.addColumn('string', 'Method');
data.addColumn('string', 'Class');
data.addColumn('number', 'Time (ms)');
data.addRows(22);
data.setCell(0, 0, 0)
data.setCell(0, 1, 'launchBrowser')
data.setCell(0, 2, 'org.yokekhei.fsd.capstone.selenium.AdminLoginTests')
data.setCell(0, 3, 9062);
data.setCell(1, 0, 1)
data.setCell(1, 1, 'testCategoryCatalogSuccess')
data.setCell(1, 2, 'org.yokekhei.fsd.capstone.selenium.UserCategoryTests')
data.setCell(1, 3, 7674);
data.setCell(2, 0, 2)
data.setCell(2, 1, 'testLoginSuccess')
data.setCell(2, 2, 'org.yokekhei.fsd.capstone.selenium.AdminLoginTests')
data.setCell(2, 3, 6914);
data.setCell(3, 0, 3)
data.setCell(3, 1, 'testListCategorySuccess')
data.setCell(3, 2, 'org.yokekhei.fsd.capstone.selenium.AdminCategoryTests')
data.setCell(3, 3, 6790);
data.setCell(4, 0, 4)
data.setCell(4, 1, 'testLoginSuccess')
data.setCell(4, 2, 'org.yokekhei.fsd.capstone.selenium.UserLoginTests')
data.setCell(4, 3, 6756);
data.setCell(5, 0, 5)
data.setCell(5, 1, 'testRegisterSuccess')
data.setCell(5, 2, 'org.yokekhei.fsd.capstone.selenium.UserRegisterTests')
data.setCell(5, 3, 6707);
data.setCell(6, 0, 6)
data.setCell(6, 1, 'launchBrowser')
data.setCell(6, 2, 'org.yokekhei.fsd.capstone.selenium.UserCategoryTests')
data.setCell(6, 3, 6227);
data.setCell(7, 0, 7)
data.setCell(7, 1, 'launchBrowser')
data.setCell(7, 2, 'org.yokekhei.fsd.capstone.selenium.AdminLogoutTests')
data.setCell(7, 3, 5570);
data.setCell(8, 0, 8)
data.setCell(8, 1, 'launchBrowser')
data.setCell(8, 2, 'org.yokekhei.fsd.capstone.selenium.UserRegisterTests')
data.setCell(8, 3, 4893);
data.setCell(9, 0, 9)
data.setCell(9, 1, 'launchBrowser')
data.setCell(9, 2, 'org.yokekhei.fsd.capstone.selenium.UserLoginTests')
data.setCell(9, 3, 4811);
data.setCell(10, 0, 10)
data.setCell(10, 1, 'launchBrowser')
data.setCell(10, 2, 'org.yokekhei.fsd.capstone.selenium.UserLogoutTests')
data.setCell(10, 3, 4773);
data.setCell(11, 0, 11)
data.setCell(11, 1, 'launchBrowser')
data.setCell(11, 2, 'org.yokekhei.fsd.capstone.selenium.AdminCategoryTests')
data.setCell(11, 3, 4772);
data.setCell(12, 0, 12)
data.setCell(12, 1, 'launchBrowser')
data.setCell(12, 2, 'org.yokekhei.fsd.capstone.selenium.UserCategoryTests')
data.setCell(12, 3, 2419);
data.setCell(13, 0, 13)
data.setCell(13, 1, 'launchBrowser')
data.setCell(13, 2, 'org.yokekhei.fsd.capstone.selenium.UserRegisterTests')
data.setCell(13, 3, 1492);
data.setCell(14, 0, 14)
data.setCell(14, 1, 'launchBrowser')
data.setCell(14, 2, 'org.yokekhei.fsd.capstone.selenium.AdminLoginTests')
data.setCell(14, 3, 1374);
data.setCell(15, 0, 15)
data.setCell(15, 1, 'launchBrowser')
data.setCell(15, 2, 'org.yokekhei.fsd.capstone.selenium.UserLogoutTests')
data.setCell(15, 3, 1132);
data.setCell(16, 0, 16)
data.setCell(16, 1, 'launchBrowser')
data.setCell(16, 2, 'org.yokekhei.fsd.capstone.selenium.AdminCategoryTests')
data.setCell(16, 3, 1091);
data.setCell(17, 0, 17)
data.setCell(17, 1, 'launchBrowser')
data.setCell(17, 2, 'org.yokekhei.fsd.capstone.selenium.AdminLogoutTests')
data.setCell(17, 3, 992);
data.setCell(18, 0, 18)
data.setCell(18, 1, 'testListCategorySuccess')
data.setCell(18, 2, 'org.yokekhei.fsd.capstone.selenium.AdminCategoryTests')
data.setCell(18, 3, 1);
data.setCell(19, 0, 19)
data.setCell(19, 1, 'testCategoryCatalogSuccess')
data.setCell(19, 2, 'org.yokekhei.fsd.capstone.selenium.UserCategoryTests')
data.setCell(19, 3, 0);
data.setCell(20, 0, 20)
data.setCell(20, 1, 'testRegisterSuccess')
data.setCell(20, 2, 'org.yokekhei.fsd.capstone.selenium.UserRegisterTests')
data.setCell(20, 3, 0);
data.setCell(21, 0, 21)
data.setCell(21, 1, 'testLoginSuccess')
data.setCell(21, 2, 'org.yokekhei.fsd.capstone.selenium.AdminLoginTests')
data.setCell(21, 3, 0);
window.suiteTableData['Headless_Browser_Suite']= { tableData: data, tableDiv: 'times-div-Headless_Browser_Suite'}
return data;
}
              </script>
              <span class="suite-total-time">Total running time: 1 minutes</span>
              <div id="times-div-Headless_Browser_Suite">
              </div> <!-- times-div-Headless_Browser_Suite -->
            </div> <!-- times-div -->
          </div> <!-- main-panel-content rounded-window-bottom -->
        </div> <!-- panel -->
        <div panel-name="reporter-Headless_Browser_Suite" class="panel">
          <div class="main-panel-header rounded-window-top">
            <span class="header-content">Reporter output for Headless Browser Suite</span>
          </div> <!-- main-panel-header rounded-window-top -->
          <div class="main-panel-content rounded-window-bottom">
          </div> <!-- main-panel-content rounded-window-bottom -->
        </div> <!-- panel -->
        <div panel-name="ignored-methods-Headless_Browser_Suite" class="panel">
          <div class="main-panel-header rounded-window-top">
            <span class="header-content">5 ignored methods</span>
          </div> <!-- main-panel-header rounded-window-top -->
          <div class="main-panel-content rounded-window-bottom">
            <div class="ignored-class-div">
              <span class="ignored-class-name">org.yokekhei.fsd.capstone.selenium.AdminLogoutTests</span>
              <div class="ignored-methods-div">
                <span class="ignored-method-name">testLogoutSuccess</span>
                <br/>
                <span class="ignored-method-name">testLogoutSuccess</span>
                <br/>
              </div> <!-- ignored-methods-div -->
            </div> <!-- ignored-class-div -->
            <div class="ignored-class-div">
              <span class="ignored-class-name">org.yokekhei.fsd.capstone.selenium.UserLoginTests</span>
              <div class="ignored-methods-div">
                <span class="ignored-method-name">testLoginInvalidCredentials</span>
                <br/>
              </div> <!-- ignored-methods-div -->
            </div> <!-- ignored-class-div -->
            <div class="ignored-class-div">
              <span class="ignored-class-name">org.yokekhei.fsd.capstone.selenium.UserLogoutTests</span>
              <div class="ignored-methods-div">
                <span class="ignored-method-name">testLogoutSuccess</span>
                <br/>
                <span class="ignored-method-name">testLogoutSuccess</span>
                <br/>
              </div> <!-- ignored-methods-div -->
            </div> <!-- ignored-class-div -->
          </div> <!-- main-panel-content rounded-window-bottom -->
        </div> <!-- panel -->
        <div panel-name="chronological-Headless_Browser_Suite" class="panel">
          <div class="main-panel-header rounded-window-top">
            <span class="header-content">Methods in chronological order</span>
          </div> <!-- main-panel-header rounded-window-top -->
          <div class="main-panel-content rounded-window-bottom">
            <div class="chronological-class">
              <div class="chronological-class-name">org.yokekhei.fsd.capstone.selenium.UserCategoryTests</div> <!-- chronological-class-name -->
              <div class="test-method">
                <img src="failed.png">
                </img>
                <span class="method-name">launchBrowser(chrome headless)</span>
                <span class="method-start">0 ms</span>
              </div> <!-- test-method -->
              <div class="test-method">
                <span class="method-name">launchBrowser(firefox headless)</span>
                <span class="method-start">0 ms</span>
              </div> <!-- test-method -->
            </div> <!-- chronological-class -->
            <div class="chronological-class">
              <div class="chronological-class-name">org.yokekhei.fsd.capstone.selenium.UserLogoutTests</div> <!-- chronological-class-name -->
              <div class="test-method">
                <img src="failed.png">
                </img>
                <span class="method-name">launchBrowser(chrome headless)</span>
                <span class="method-start">2428 ms</span>
              </div> <!-- test-method -->
            </div> <!-- chronological-class -->
            <div class="chronological-class">
              <div class="chronological-class-name">org.yokekhei.fsd.capstone.selenium.UserRegisterTests</div> <!-- chronological-class-name -->
              <div class="test-method">
                <img src="failed.png">
                </img>
                <span class="method-name">launchBrowser(chrome headless)</span>
                <span class="method-start">3565 ms</span>
              </div> <!-- test-method -->
            </div> <!-- chronological-class -->
            <div class="chronological-class">
              <div class="chronological-class-name">org.yokekhei.fsd.capstone.selenium.AdminLoginTests</div> <!-- chronological-class-name -->
              <div class="test-method">
                <img src="failed.png">
                </img>
                <span class="method-name">launchBrowser(chrome headless)</span>
                <span class="method-start">5061 ms</span>
              </div> <!-- test-method -->
            </div> <!-- chronological-class -->
            <div class="chronological-class">
              <div class="chronological-class-name">org.yokekhei.fsd.capstone.selenium.UserLoginTests</div> <!-- chronological-class-name -->
              <div class="test-method">
                <span class="method-name">launchBrowser(firefox headless)</span>
                <span class="method-start">6229 ms</span>
              </div> <!-- test-method -->
            </div> <!-- chronological-class -->
            <div class="chronological-class">
              <div class="chronological-class-name">org.yokekhei.fsd.capstone.selenium.AdminLogoutTests</div> <!-- chronological-class-name -->
              <div class="test-method">
                <img src="failed.png">
                </img>
                <span class="method-name">launchBrowser(chrome headless)</span>
                <span class="method-start">6438 ms</span>
              </div> <!-- test-method -->
            </div> <!-- chronological-class -->
            <div class="chronological-class">
              <div class="chronological-class-name">org.yokekhei.fsd.capstone.selenium.AdminCategoryTests</div> <!-- chronological-class-name -->
              <div class="test-method">
                <img src="failed.png">
                </img>
                <span class="method-name">launchBrowser(chrome headless)</span>
                <span class="method-start">7434 ms</span>
              </div> <!-- test-method -->
              <div class="configuration-test after">
                <span class="method-name">tearDown</span>
                <span class="method-start">8546 ms</span>
              </div> <!-- configuration-test after -->
            </div> <!-- chronological-class -->
            <div class="chronological-class">
              <div class="chronological-class-name">org.yokekhei.fsd.capstone.selenium.AdminLoginTests</div> <!-- chronological-class-name -->
              <div class="configuration-test after">
                <span class="method-name">tearDown</span>
                <span class="method-start">8547 ms</span>
              </div> <!-- configuration-test after -->
            </div> <!-- chronological-class -->
            <div class="chronological-class">
              <div class="chronological-class-name">org.yokekhei.fsd.capstone.selenium.AdminLogoutTests</div> <!-- chronological-class-name -->
              <div class="configuration-test after">
                <span class="method-name">tearDown</span>
                <span class="method-start">8548 ms</span>
              </div> <!-- configuration-test after -->
            </div> <!-- chronological-class -->
            <div class="chronological-class">
              <div class="chronological-class-name">org.yokekhei.fsd.capstone.selenium.UserCategoryTests</div> <!-- chronological-class-name -->
              <div class="configuration-test after">
                <span class="method-name">tearDown</span>
                <span class="method-start">8549 ms</span>
              </div> <!-- configuration-test after -->
            </div> <!-- chronological-class -->
            <div class="chronological-class">
              <div class="chronological-class-name">org.yokekhei.fsd.capstone.selenium.UserLogoutTests</div> <!-- chronological-class-name -->
              <div class="configuration-test after">
                <span class="method-name">tearDown</span>
                <span class="method-start">8549 ms</span>
              </div> <!-- configuration-test after -->
            </div> <!-- chronological-class -->
            <div class="chronological-class">
              <div class="chronological-class-name">org.yokekhei.fsd.capstone.selenium.UserRegisterTests</div> <!-- chronological-class-name -->
              <div class="configuration-test after">
                <span class="method-name">tearDown</span>
                <span class="method-start">8550 ms</span>
              </div> <!-- configuration-test after -->
            </div> <!-- chronological-class -->
            <div class="chronological-class">
              <div class="chronological-class-name">org.yokekhei.fsd.capstone.selenium.UserLogoutTests</div> <!-- chronological-class-name -->
              <div class="test-method">
                <span class="method-name">launchBrowser(firefox headless)</span>
                <span class="method-start">11042 ms</span>
              </div> <!-- test-method -->
            </div> <!-- chronological-class -->
            <div class="chronological-class">
              <div class="chronological-class-name">org.yokekhei.fsd.capstone.selenium.UserRegisterTests</div> <!-- chronological-class-name -->
              <div class="test-method">
                <span class="method-name">launchBrowser(firefox headless)</span>
                <span class="method-start">15817 ms</span>
              </div> <!-- test-method -->
            </div> <!-- chronological-class -->
            <div class="chronological-class">
              <div class="chronological-class-name">org.yokekhei.fsd.capstone.selenium.AdminLoginTests</div> <!-- chronological-class-name -->
              <div class="test-method">
                <span class="method-name">launchBrowser(firefox headless)</span>
                <span class="method-start">20712 ms</span>
              </div> <!-- test-method -->
            </div> <!-- chronological-class -->
            <div class="chronological-class">
              <div class="chronological-class-name">org.yokekhei.fsd.capstone.selenium.AdminLogoutTests</div> <!-- chronological-class-name -->
              <div class="test-method">
                <span class="method-name">launchBrowser(firefox headless)</span>
                <span class="method-start">29775 ms</span>
              </div> <!-- test-method -->
            </div> <!-- chronological-class -->
            <div class="chronological-class">
              <div class="chronological-class-name">org.yokekhei.fsd.capstone.selenium.AdminCategoryTests</div> <!-- chronological-class-name -->
              <div class="test-method">
                <span class="method-name">launchBrowser(firefox headless)</span>
                <span class="method-start">35347 ms</span>
              </div> <!-- test-method -->
            </div> <!-- chronological-class -->
            <div class="chronological-class">
              <div class="chronological-class-name">org.yokekhei.fsd.capstone.selenium.UserCategoryTests</div> <!-- chronological-class-name -->
              <div class="test-method">
                <img src="failed.png">
                </img>
                <span class="method-name">testCategoryCatalogSuccess(firefox headless)</span>
                <span class="method-start">40122 ms</span>
              </div> <!-- test-method -->
            </div> <!-- chronological-class -->
            <div class="chronological-class">
              <div class="chronological-class-name">org.yokekhei.fsd.capstone.selenium.UserRegisterTests</div> <!-- chronological-class-name -->
              <div class="test-method">
                <img src="failed.png">
                </img>
                <span class="method-name">testRegisterSuccess(firefox headless)</span>
                <span class="method-start">47802 ms</span>
              </div> <!-- test-method -->
            </div> <!-- chronological-class -->
            <div class="chronological-class">
              <div class="chronological-class-name">org.yokekhei.fsd.capstone.selenium.AdminLoginTests</div> <!-- chronological-class-name -->
              <div class="test-method">
                <img src="failed.png">
                </img>
                <span class="method-name">testLoginSuccess</span>
                <span class="method-start">54511 ms</span>
              </div> <!-- test-method -->
            </div> <!-- chronological-class -->
            <div class="chronological-class">
              <div class="chronological-class-name">org.yokekhei.fsd.capstone.selenium.AdminCategoryTests</div> <!-- chronological-class-name -->
              <div class="test-method">
                <img src="failed.png">
                </img>
                <span class="method-name">testListCategorySuccess</span>
                <span class="method-start">61426 ms</span>
              </div> <!-- test-method -->
            </div> <!-- chronological-class -->
            <div class="chronological-class">
              <div class="chronological-class-name">org.yokekhei.fsd.capstone.selenium.UserLoginTests</div> <!-- chronological-class-name -->
              <div class="test-method">
                <img src="failed.png">
                </img>
                <span class="method-name">testLoginSuccess</span>
                <span class="method-start">68219 ms</span>
              </div> <!-- test-method -->
            </div> <!-- chronological-class -->
            <div class="chronological-class">
              <div class="chronological-class-name">org.yokekhei.fsd.capstone.selenium.AdminCategoryTests</div> <!-- chronological-class-name -->
              <div class="configuration-test after">
                <span class="method-name">tearDown</span>
                <span class="method-start">74977 ms</span>
              </div> <!-- configuration-test after -->
            </div> <!-- chronological-class -->
            <div class="chronological-class">
              <div class="chronological-class-name">org.yokekhei.fsd.capstone.selenium.AdminLoginTests</div> <!-- chronological-class-name -->
              <div class="configuration-test after">
                <span class="method-name">tearDown</span>
                <span class="method-start">78326 ms</span>
              </div> <!-- configuration-test after -->
            </div> <!-- chronological-class -->
            <div class="chronological-class">
              <div class="chronological-class-name">org.yokekhei.fsd.capstone.selenium.AdminLogoutTests</div> <!-- chronological-class-name -->
              <div class="configuration-test after">
                <span class="method-name">tearDown</span>
                <span class="method-start">79844 ms</span>
              </div> <!-- configuration-test after -->
            </div> <!-- chronological-class -->
            <div class="chronological-class">
              <div class="chronological-class-name">org.yokekhei.fsd.capstone.selenium.UserCategoryTests</div> <!-- chronological-class-name -->
              <div class="configuration-test after">
                <span class="method-name">tearDown</span>
                <span class="method-start">81575 ms</span>
              </div> <!-- configuration-test after -->
            </div> <!-- chronological-class -->
            <div class="chronological-class">
              <div class="chronological-class-name">org.yokekhei.fsd.capstone.selenium.UserLoginTests</div> <!-- chronological-class-name -->
              <div class="configuration-test after">
                <span class="method-name">tearDown</span>
                <span class="method-start">83685 ms</span>
              </div> <!-- configuration-test after -->
            </div> <!-- chronological-class -->
            <div class="chronological-class">
              <div class="chronological-class-name">org.yokekhei.fsd.capstone.selenium.UserLogoutTests</div> <!-- chronological-class-name -->
              <div class="configuration-test after">
                <span class="method-name">tearDown</span>
                <span class="method-start">85715 ms</span>
              </div> <!-- configuration-test after -->
            </div> <!-- chronological-class -->
            <div class="chronological-class">
              <div class="chronological-class-name">org.yokekhei.fsd.capstone.selenium.UserRegisterTests</div> <!-- chronological-class-name -->
              <div class="configuration-test after">
                <span class="method-name">tearDown</span>
                <span class="method-start">88293 ms</span>
              </div> <!-- configuration-test after -->
          </div> <!-- main-panel-content rounded-window-bottom -->
        </div> <!-- panel -->
      </div> <!-- main-panel-root -->
    </div> <!-- wrapper -->
  </body>
</html>
